#! /usr/bin/vvp
:ivl_version "11.0 (stable)";
:ivl_delay_selection "TYPICAL";
:vpi_time_precision + 0;
:vpi_module "/usr/lib/x86_64-linux-gnu/ivl/system.vpi";
:vpi_module "/usr/lib/x86_64-linux-gnu/ivl/vhdl_sys.vpi";
:vpi_module "/usr/lib/x86_64-linux-gnu/ivl/vhdl_textio.vpi";
:vpi_module "/usr/lib/x86_64-linux-gnu/ivl/v2005_math.vpi";
:vpi_module "/usr/lib/x86_64-linux-gnu/ivl/va_math.vpi";
S_0x5635751ebec0 .scope module, "main" "main" 2 3;
 .timescale 0 0;
L_0x563575217200 .functor NOT 1, v0x563575216f30_0, C4<0>, C4<0>, C4<0>;
v0x563575216d60_0 .net "CLK", 0 0, v0x563575204130_0;  1 drivers
v0x563575216e70_0 .var "clear", 0 0;
v0x563575216f30_0 .var "j", 0 0;
v0x563575216fd0_0 .net "jqk01", 0 0, v0x563575216b00_0;  1 drivers
v0x563575217070_0 .net "notjqk01", 0 0, v0x563575216bc0_0;  1 drivers
v0x563575217160_0 .var "preset", 0 0;
S_0x5635751ebce0 .scope module, "clk" "clock" 2 7, 3 1 0, S_0x5635751ebec0;
 .timescale 0 0;
    .port_info 0 /OUTPUT 1 "clk";
v0x563575204130_0 .var "clk", 0 0;
S_0x563575216480 .scope module, "jqk_" "jkff" 2 8, 4 1 0, S_0x5635751ebec0;
 .timescale 0 0;
    .port_info 0 /OUTPUT 1 "q";
    .port_info 1 /OUTPUT 1 "qnot";
    .port_info 2 /INPUT 1 "j";
    .port_info 3 /INPUT 1 "k";
    .port_info 4 /INPUT 1 "clk";
    .port_info 5 /INPUT 1 "preset";
    .port_info 6 /INPUT 1 "clear";
v0x563575216730_0 .net "clear", 0 0, v0x563575216e70_0;  1 drivers
v0x563575216810_0 .net "clk", 0 0, v0x563575204130_0;  alias, 1 drivers
v0x5635752168d0_0 .net "j", 0 0, v0x563575216f30_0;  1 drivers
v0x563575216970_0 .net "k", 0 0, L_0x563575217200;  1 drivers
v0x563575216a10_0 .net "preset", 0 0, v0x563575217160_0;  1 drivers
v0x563575216b00_0 .var "q", 0 0;
v0x563575216bc0_0 .var "qnot", 0 0;
E_0x5635751e99b0 .event posedge, v0x563575216730_0, v0x563575216a10_0, v0x563575204130_0;
    .scope S_0x5635751ebce0;
T_0 ;
    %pushi/vec4 0, 0, 1;
    %store/vec4 v0x563575204130_0, 0, 1;
    %end;
    .thread T_0;
    .scope S_0x5635751ebce0;
T_1 ;
    %delay 12, 0;
    %load/vec4 v0x563575204130_0;
    %inv;
    %store/vec4 v0x563575204130_0, 0, 1;
    %jmp T_1;
    .thread T_1;
    .scope S_0x563575216480;
T_2 ;
    %wait E_0x5635751e99b0;
    %load/vec4 v0x563575216730_0;
    %flag_set/vec4 8;
    %jmp/0xz  T_2.0, 8;
    %pushi/vec4 0, 0, 1;
    %assign/vec4 v0x563575216b00_0, 0;
    %pushi/vec4 1, 0, 1;
    %assign/vec4 v0x563575216bc0_0, 0;
    %jmp T_2.1;
T_2.0 ;
    %load/vec4 v0x563575216a10_0;
    %flag_set/vec4 8;
    %jmp/0xz  T_2.2, 8;
    %pushi/vec4 1, 0, 1;
    %assign/vec4 v0x563575216b00_0, 0;
    %pushi/vec4 0, 0, 1;
    %assign/vec4 v0x563575216bc0_0, 0;
    %jmp T_2.3;
T_2.2 ;
    %load/vec4 v0x5635752168d0_0;
    %load/vec4 v0x563575216970_0;
    %inv;
    %and;
    %flag_set/vec4 8;
    %jmp/0xz  T_2.4, 8;
    %pushi/vec4 1, 0, 1;
    %assign/vec4 v0x563575216b00_0, 0;
    %pushi/vec4 0, 0, 1;
    %assign/vec4 v0x563575216bc0_0, 0;
    %jmp T_2.5;
T_2.4 ;
    %load/vec4 v0x5635752168d0_0;
    %inv;
    %load/vec4 v0x563575216970_0;
    %and;
    %flag_set/vec4 8;
    %jmp/0xz  T_2.6, 8;
    %pushi/vec4 0, 0, 1;
    %assign/vec4 v0x563575216b00_0, 0;
    %pushi/vec4 1, 0, 1;
    %assign/vec4 v0x563575216bc0_0, 0;
    %jmp T_2.7;
T_2.6 ;
    %load/vec4 v0x5635752168d0_0;
    %load/vec4 v0x563575216970_0;
    %and;
    %flag_set/vec4 8;
    %jmp/0xz  T_2.8, 8;
    %load/vec4 v0x563575216b00_0;
    %inv;
    %assign/vec4 v0x563575216b00_0, 0;
    %load/vec4 v0x563575216bc0_0;
    %inv;
    %assign/vec4 v0x563575216bc0_0, 0;
T_2.8 ;
T_2.7 ;
T_2.5 ;
T_2.3 ;
T_2.1 ;
    %jmp T_2;
    .thread T_2;
# The file index is used to find the file name in the following table.
:file_names 5;
    "N/A";
    "<interactive>";
    "Exercicio01.v";
    "./clock.v";
    "./jkff.v";
