#! /usr/bin/vvp
:ivl_version "11.0 (stable)";
:ivl_delay_selection "TYPICAL";
:vpi_time_precision + 0;
:vpi_module "/usr/lib/x86_64-linux-gnu/ivl/system.vpi";
:vpi_module "/usr/lib/x86_64-linux-gnu/ivl/vhdl_sys.vpi";
:vpi_module "/usr/lib/x86_64-linux-gnu/ivl/vhdl_textio.vpi";
:vpi_module "/usr/lib/x86_64-linux-gnu/ivl/v2005_math.vpi";
:vpi_module "/usr/lib/x86_64-linux-gnu/ivl/va_math.vpi";
S_0x55feac995410 .scope module, "main" "main" 2 5;
 .timescale 0 0;
v0x55feac9b12a0_0 .var "a", 0 0;
v0x55feac9b1360_0 .var "b", 0 0;
v0x55feac9b1400_0 .var "c", 0 0;
v0x55feac9b1500_0 .var "counter", 4 0;
v0x55feac9b15a0_0 .net "s", 0 0, L_0x55feac9b3b40;  1 drivers
S_0x55feac9955a0 .scope module, "exe1" "Resumido" 2 11, 2 1 0, S_0x55feac995410;
 .timescale 0 0;
    .port_info 0 /OUTPUT 1 "s";
    .port_info 1 /INPUT 1 "a";
    .port_info 2 /INPUT 1 "b";
    .port_info 3 /INPUT 1 "c";
L_0x55feac9b1640 .functor NOT 1, v0x55feac9b12a0_0, C4<0>, C4<0>, C4<0>;
L_0x55feac9b1730 .functor NOT 1, v0x55feac9b1360_0, C4<0>, C4<0>, C4<0>;
L_0x55feac9b17f0 .functor OR 1, L_0x55feac9b1640, L_0x55feac9b1730, C4<0>, C4<0>;
L_0x55feac9b1900 .functor NOT 1, v0x55feac9b1400_0, C4<0>, C4<0>, C4<0>;
L_0x55feac9b19f0 .functor OR 1, L_0x55feac9b17f0, L_0x55feac9b1900, C4<0>, C4<0>;
L_0x55feac9b1b00 .functor NOT 1, v0x55feac9b12a0_0, C4<0>, C4<0>, C4<0>;
L_0x55feac9b1bb0 .functor NOT 1, v0x55feac9b1360_0, C4<0>, C4<0>, C4<0>;
L_0x55feac9b1c20 .functor OR 1, L_0x55feac9b1b00, L_0x55feac9b1bb0, C4<0>, C4<0>;
L_0x55feac9b1d80 .functor OR 1, L_0x55feac9b1c20, v0x55feac9b1400_0, C4<0>, C4<0>;
L_0x55feac9b1e40 .functor AND 1, L_0x55feac9b19f0, L_0x55feac9b1d80, C4<1>, C4<1>;
L_0x55feac9b1fb0 .functor NOT 1, v0x55feac9b12a0_0, C4<0>, C4<0>, C4<0>;
L_0x55feac9b2020 .functor OR 1, L_0x55feac9b1fb0, v0x55feac9b1360_0, C4<0>, C4<0>;
L_0x55feac9b2190 .functor NOT 1, v0x55feac9b1400_0, C4<0>, C4<0>, C4<0>;
L_0x55feac9b2290 .functor OR 1, L_0x55feac9b2020, L_0x55feac9b2190, C4<0>, C4<0>;
L_0x55feac9b2120 .functor AND 1, L_0x55feac9b1e40, L_0x55feac9b2290, C4<1>, C4<1>;
L_0x55feac9b23d0 .functor NOT 1, v0x55feac9b12a0_0, C4<0>, C4<0>, C4<0>;
L_0x55feac9b24d0 .functor OR 1, L_0x55feac9b23d0, v0x55feac9b1360_0, C4<0>, C4<0>;
L_0x55feac9b2590 .functor OR 1, L_0x55feac9b24d0, v0x55feac9b1400_0, C4<0>, C4<0>;
L_0x55feac9b26f0 .functor AND 1, L_0x55feac9b2120, L_0x55feac9b2590, C4<1>, C4<1>;
L_0x55feac9b2800 .functor NOT 1, v0x55feac9b1360_0, C4<0>, C4<0>, C4<0>;
L_0x55feac9b2920 .functor OR 1, v0x55feac9b12a0_0, L_0x55feac9b2800, C4<0>, C4<0>;
L_0x55feac9b29e0 .functor NOT 1, v0x55feac9b1400_0, C4<0>, C4<0>, C4<0>;
L_0x55feac9b2b10 .functor OR 1, L_0x55feac9b2920, L_0x55feac9b29e0, C4<0>, C4<0>;
L_0x55feac9b2c20 .functor AND 1, L_0x55feac9b26f0, L_0x55feac9b2b10, C4<1>, C4<1>;
L_0x55feac9b2e00 .functor NOT 1, v0x55feac9b1360_0, C4<0>, C4<0>, C4<0>;
L_0x55feac9b2e70 .functor OR 1, v0x55feac9b12a0_0, L_0x55feac9b2e00, C4<0>, C4<0>;
L_0x55feac9b3010 .functor OR 1, L_0x55feac9b2e70, v0x55feac9b1400_0, C4<0>, C4<0>;
L_0x55feac9b30d0 .functor AND 1, L_0x55feac9b2c20, L_0x55feac9b3010, C4<1>, C4<1>;
L_0x55feac9b32d0 .functor OR 1, v0x55feac9b12a0_0, v0x55feac9b1360_0, C4<0>, C4<0>;
L_0x55feac9b3340 .functor NOT 1, v0x55feac9b1400_0, C4<0>, C4<0>, C4<0>;
L_0x55feac9b35c0 .functor OR 1, L_0x55feac9b32d0, L_0x55feac9b3340, C4<0>, C4<0>;
L_0x55feac9b36d0 .functor AND 1, L_0x55feac9b30d0, L_0x55feac9b35c0, C4<1>, C4<1>;
L_0x55feac9b38f0 .functor OR 1, v0x55feac9b12a0_0, v0x55feac9b1360_0, C4<0>, C4<0>;
L_0x55feac9b3960 .functor OR 1, L_0x55feac9b38f0, v0x55feac9b1400_0, C4<0>, C4<0>;
L_0x55feac9b3b40 .functor AND 1, L_0x55feac9b36d0, L_0x55feac9b3960, C4<1>, C4<1>;
v0x55feac95acf0_0 .net *"_ivl_0", 0 0, L_0x55feac9b1640;  1 drivers
v0x55feac9af000_0 .net *"_ivl_10", 0 0, L_0x55feac9b1b00;  1 drivers
v0x55feac9af0e0_0 .net *"_ivl_12", 0 0, L_0x55feac9b1bb0;  1 drivers
v0x55feac9af1a0_0 .net *"_ivl_14", 0 0, L_0x55feac9b1c20;  1 drivers
v0x55feac9af280_0 .net *"_ivl_16", 0 0, L_0x55feac9b1d80;  1 drivers
v0x55feac9af3b0_0 .net *"_ivl_18", 0 0, L_0x55feac9b1e40;  1 drivers
v0x55feac9af490_0 .net *"_ivl_2", 0 0, L_0x55feac9b1730;  1 drivers
v0x55feac9af570_0 .net *"_ivl_20", 0 0, L_0x55feac9b1fb0;  1 drivers
v0x55feac9af650_0 .net *"_ivl_22", 0 0, L_0x55feac9b2020;  1 drivers
v0x55feac9af730_0 .net *"_ivl_24", 0 0, L_0x55feac9b2190;  1 drivers
v0x55feac9af810_0 .net *"_ivl_26", 0 0, L_0x55feac9b2290;  1 drivers
v0x55feac9af8f0_0 .net *"_ivl_28", 0 0, L_0x55feac9b2120;  1 drivers
v0x55feac9af9d0_0 .net *"_ivl_30", 0 0, L_0x55feac9b23d0;  1 drivers
v0x55feac9afab0_0 .net *"_ivl_32", 0 0, L_0x55feac9b24d0;  1 drivers
v0x55feac9afb90_0 .net *"_ivl_34", 0 0, L_0x55feac9b2590;  1 drivers
v0x55feac9afc70_0 .net *"_ivl_36", 0 0, L_0x55feac9b26f0;  1 drivers
v0x55feac9afd50_0 .net *"_ivl_38", 0 0, L_0x55feac9b2800;  1 drivers
v0x55feac9afe30_0 .net *"_ivl_4", 0 0, L_0x55feac9b17f0;  1 drivers
v0x55feac9aff10_0 .net *"_ivl_40", 0 0, L_0x55feac9b2920;  1 drivers
v0x55feac9afff0_0 .net *"_ivl_42", 0 0, L_0x55feac9b29e0;  1 drivers
v0x55feac9b00d0_0 .net *"_ivl_44", 0 0, L_0x55feac9b2b10;  1 drivers
v0x55feac9b01b0_0 .net *"_ivl_46", 0 0, L_0x55feac9b2c20;  1 drivers
v0x55feac9b0290_0 .net *"_ivl_48", 0 0, L_0x55feac9b2e00;  1 drivers
v0x55feac9b0370_0 .net *"_ivl_50", 0 0, L_0x55feac9b2e70;  1 drivers
v0x55feac9b0450_0 .net *"_ivl_52", 0 0, L_0x55feac9b3010;  1 drivers
v0x55feac9b0530_0 .net *"_ivl_54", 0 0, L_0x55feac9b30d0;  1 drivers
v0x55feac9b0610_0 .net *"_ivl_56", 0 0, L_0x55feac9b32d0;  1 drivers
v0x55feac9b06f0_0 .net *"_ivl_58", 0 0, L_0x55feac9b3340;  1 drivers
v0x55feac9b07d0_0 .net *"_ivl_6", 0 0, L_0x55feac9b1900;  1 drivers
v0x55feac9b08b0_0 .net *"_ivl_60", 0 0, L_0x55feac9b35c0;  1 drivers
v0x55feac9b0990_0 .net *"_ivl_62", 0 0, L_0x55feac9b36d0;  1 drivers
v0x55feac9b0a70_0 .net *"_ivl_64", 0 0, L_0x55feac9b38f0;  1 drivers
v0x55feac9b0b50_0 .net *"_ivl_66", 0 0, L_0x55feac9b3960;  1 drivers
v0x55feac9b0e40_0 .net *"_ivl_8", 0 0, L_0x55feac9b19f0;  1 drivers
v0x55feac9b0f20_0 .net "a", 0 0, v0x55feac9b12a0_0;  1 drivers
v0x55feac9b0fe0_0 .net "b", 0 0, v0x55feac9b1360_0;  1 drivers
v0x55feac9b10a0_0 .net "c", 0 0, v0x55feac9b1400_0;  1 drivers
v0x55feac9b1160_0 .net "s", 0 0, L_0x55feac9b3b40;  alias, 1 drivers
    .scope S_0x55feac995410;
T_0 ;
    %pushi/vec4 0, 0, 5;
    %store/vec4 v0x55feac9b1500_0, 0, 5;
    %end;
    .thread T_0;
    .scope S_0x55feac995410;
T_1 ;
    %pushi/vec4 0, 0, 5;
    %store/vec4 v0x55feac9b1500_0, 0, 5;
T_1.0 ;
    %load/vec4 v0x55feac9b1500_0;
    %pad/u 32;
    %cmpi/u 16, 0, 32;
    %jmp/0xz T_1.1, 5;
    %load/vec4 v0x55feac9b1500_0;
    %parti/s 1, 2, 3;
    %store/vec4 v0x55feac9b12a0_0, 0, 1;
    %load/vec4 v0x55feac9b1500_0;
    %parti/s 1, 1, 2;
    %store/vec4 v0x55feac9b1360_0, 0, 1;
    %load/vec4 v0x55feac9b1500_0;
    %parti/s 1, 0, 2;
    %store/vec4 v0x55feac9b1400_0, 0, 1;
    %delay 0, 0;
    %vpi_call 2 18 "$display", "%d", v0x55feac9b15a0_0 {0 0 0};
    ; show_stmt_assign_vector: Get l-value for compressed += operand
    %load/vec4 v0x55feac9b1500_0;
    %pushi/vec4 1, 0, 5;
    %add;
    %store/vec4 v0x55feac9b1500_0, 0, 5;
    %jmp T_1.0;
T_1.1 ;
    %vpi_call 2 20 "$finish" {0 0 0};
    %end;
    .thread T_1;
# The file index is used to find the file name in the following table.
:file_names 3;
    "N/A";
    "<interactive>";
    "exerciciod.v";
