#! /usr/bin/vvp
:ivl_version "11.0 (stable)";
:ivl_delay_selection "TYPICAL";
:vpi_time_precision + 0;
:vpi_module "/usr/lib/x86_64-linux-gnu/ivl/system.vpi";
:vpi_module "/usr/lib/x86_64-linux-gnu/ivl/vhdl_sys.vpi";
:vpi_module "/usr/lib/x86_64-linux-gnu/ivl/vhdl_textio.vpi";
:vpi_module "/usr/lib/x86_64-linux-gnu/ivl/v2005_math.vpi";
:vpi_module "/usr/lib/x86_64-linux-gnu/ivl/va_math.vpi";
S_0x5597ce29b0b0 .scope module, "test_f7" "test_f7" 2 14;
 .timescale 0 0;
v0x5597ce2c5940_0 .var "counter", 2 0;
v0x5597ce2c5a40_0 .var "s", 0 0;
v0x5597ce2c5b00_0 .var "x", 0 0;
v0x5597ce2c5c00_0 .var "y", 0 0;
v0x5597ce2c5cd0_0 .net "z", 0 0, L_0x5597ce2c6040;  1 drivers
v0x5597ce2c5d70_0 .net "z1", 0 0, L_0x5597ce2c6340;  1 drivers
S_0x5597ce2ae6b0 .scope begin, "main" "main" 2 25, 2 25 0, S_0x5597ce29b0b0;
 .timescale 0 0;
S_0x5597ce2ae890 .scope module, "modulo" "f7" 2 21, 2 1 0, S_0x5597ce29b0b0;
 .timescale 0 0;
    .port_info 0 /OUTPUT 1 "s";
    .port_info 1 /OUTPUT 1 "s1";
    .port_info 2 /INPUT 1 "a";
    .port_info 3 /INPUT 1 "b";
    .port_info 4 /INPUT 1 "selected";
L_0x5597ce2c5e40 .functor AND 1, v0x5597ce2c5b00_0, v0x5597ce2c5a40_0, C4<1>, C4<1>;
L_0x5597ce2c5f80 .functor AND 1, v0x5597ce2c5c00_0, v0x5597ce2c5a40_0, C4<1>, C4<1>;
L_0x5597ce2c6040 .functor AND 1, L_0x5597ce2c5e40, L_0x5597ce2c5f80, C4<1>, C4<1>;
L_0x5597ce2c61a0 .functor NAND 1, v0x5597ce2c5b00_0, v0x5597ce2c5a40_0, C4<1>, C4<1>;
L_0x5597ce2c62d0 .functor NAND 1, v0x5597ce2c5c00_0, v0x5597ce2c5a40_0, C4<1>, C4<1>;
L_0x5597ce2c6340 .functor NAND 1, L_0x5597ce2c61a0, L_0x5597ce2c62d0, C4<1>, C4<1>;
v0x5597ce29e020_0 .net "a", 0 0, v0x5597ce2c5b00_0;  1 drivers
v0x5597ce2c5270_0 .net "b", 0 0, v0x5597ce2c5c00_0;  1 drivers
v0x5597ce2c5330_0 .net "s", 0 0, L_0x5597ce2c6040;  alias, 1 drivers
v0x5597ce2c53d0_0 .net "s1", 0 0, L_0x5597ce2c6340;  alias, 1 drivers
v0x5597ce2c5490_0 .net "sa", 0 0, L_0x5597ce2c5e40;  1 drivers
v0x5597ce2c55a0_0 .net "sb", 0 0, L_0x5597ce2c5f80;  1 drivers
v0x5597ce2c5660_0 .net "sc", 0 0, L_0x5597ce2c61a0;  1 drivers
v0x5597ce2c5720_0 .net "sd", 0 0, L_0x5597ce2c62d0;  1 drivers
v0x5597ce2c57e0_0 .net "selected", 0 0, v0x5597ce2c5a40_0;  1 drivers
    .scope S_0x5597ce29b0b0;
T_0 ;
    %pushi/vec4 0, 0, 3;
    %store/vec4 v0x5597ce2c5940_0, 0, 3;
    %end;
    .thread T_0;
    .scope S_0x5597ce29b0b0;
T_1 ;
    %fork t_1, S_0x5597ce2ae6b0;
    %jmp t_0;
    .scope S_0x5597ce2ae6b0;
t_1 ;
    %vpi_call 2 26 "$display", "X Y selected and nand" {0 0 0};
    %vpi_call 2 28 "$display", "Selected = 0" {0 0 0};
    %pushi/vec4 0, 0, 3;
    %store/vec4 v0x5597ce2c5940_0, 0, 3;
T_1.0 ;
    %load/vec4 v0x5597ce2c5940_0;
    %pad/u 32;
    %cmpi/u 3, 0, 32;
    %flag_or 5, 4;
    %jmp/0xz T_1.1, 5;
    %load/vec4 v0x5597ce2c5940_0;
    %parti/s 1, 1, 2;
    %store/vec4 v0x5597ce2c5b00_0, 0, 1;
    %load/vec4 v0x5597ce2c5940_0;
    %parti/s 1, 0, 2;
    %store/vec4 v0x5597ce2c5c00_0, 0, 1;
    %pushi/vec4 0, 0, 1;
    %store/vec4 v0x5597ce2c5a40_0, 0, 1;
    %delay 1, 0;
    %vpi_call 2 33 "$display", "%4b %4b %4b %4b %4b", v0x5597ce2c5b00_0, v0x5597ce2c5c00_0, v0x5597ce2c5a40_0, v0x5597ce2c5cd0_0, v0x5597ce2c5d70_0 {0 0 0};
    ; show_stmt_assign_vector: Get l-value for compressed += operand
    %load/vec4 v0x5597ce2c5940_0;
    %pushi/vec4 1, 0, 3;
    %add;
    %store/vec4 v0x5597ce2c5940_0, 0, 3;
    %jmp T_1.0;
T_1.1 ;
    %vpi_call 2 35 "$display", "Selected = 1" {0 0 0};
    %pushi/vec4 0, 0, 3;
    %store/vec4 v0x5597ce2c5940_0, 0, 3;
T_1.2 ;
    %load/vec4 v0x5597ce2c5940_0;
    %pad/u 32;
    %cmpi/u 3, 0, 32;
    %flag_or 5, 4;
    %jmp/0xz T_1.3, 5;
    %load/vec4 v0x5597ce2c5940_0;
    %parti/s 1, 1, 2;
    %store/vec4 v0x5597ce2c5b00_0, 0, 1;
    %load/vec4 v0x5597ce2c5940_0;
    %parti/s 1, 0, 2;
    %store/vec4 v0x5597ce2c5c00_0, 0, 1;
    %pushi/vec4 1, 0, 1;
    %store/vec4 v0x5597ce2c5a40_0, 0, 1;
    %delay 1, 0;
    %vpi_call 2 40 "$display", "%4b %4b %4b %4b %4b", v0x5597ce2c5b00_0, v0x5597ce2c5c00_0, v0x5597ce2c5a40_0, v0x5597ce2c5cd0_0, v0x5597ce2c5d70_0 {0 0 0};
    ; show_stmt_assign_vector: Get l-value for compressed += operand
    %load/vec4 v0x5597ce2c5940_0;
    %pushi/vec4 1, 0, 3;
    %add;
    %store/vec4 v0x5597ce2c5940_0, 0, 3;
    %jmp T_1.2;
T_1.3 ;
    %pushi/vec4 0, 0, 3;
    %store/vec4 v0x5597ce2c5940_0, 0, 3;
    %vpi_call 2 44 "$finish" {0 0 0};
    %end;
    .scope S_0x5597ce29b0b0;
t_0 %join;
    %end;
    .thread T_1;
# The file index is used to find the file name in the following table.
:file_names 3;
    "N/A";
    "<interactive>";
    "Guia_0701.v";
