#! /usr/bin/vvp
:ivl_version "11.0 (stable)";
:ivl_delay_selection "TYPICAL";
:vpi_time_precision + 0;
:vpi_module "/usr/lib/x86_64-linux-gnu/ivl/system.vpi";
:vpi_module "/usr/lib/x86_64-linux-gnu/ivl/vhdl_sys.vpi";
:vpi_module "/usr/lib/x86_64-linux-gnu/ivl/vhdl_textio.vpi";
:vpi_module "/usr/lib/x86_64-linux-gnu/ivl/v2005_math.vpi";
:vpi_module "/usr/lib/x86_64-linux-gnu/ivl/va_math.vpi";
S_0x55d76cb05410 .scope module, "main" "main" 2 5;
 .timescale 0 0;
v0x55d76cb212a0_0 .var "a", 0 0;
v0x55d76cb21360_0 .var "b", 0 0;
v0x55d76cb21400_0 .var "c", 0 0;
v0x55d76cb21500_0 .var "counter", 4 0;
v0x55d76cb215a0_0 .net "s", 0 0, L_0x55d76cb23b40;  1 drivers
S_0x55d76cb055a0 .scope module, "exe1" "Resumido" 2 11, 2 1 0, S_0x55d76cb05410;
 .timescale 0 0;
    .port_info 0 /OUTPUT 1 "s";
    .port_info 1 /INPUT 1 "a";
    .port_info 2 /INPUT 1 "b";
    .port_info 3 /INPUT 1 "c";
L_0x55d76cb21640 .functor NOT 1, v0x55d76cb212a0_0, C4<0>, C4<0>, C4<0>;
L_0x55d76cb21730 .functor NOT 1, v0x55d76cb21360_0, C4<0>, C4<0>, C4<0>;
L_0x55d76cb217f0 .functor AND 1, L_0x55d76cb21640, L_0x55d76cb21730, C4<1>, C4<1>;
L_0x55d76cb21900 .functor NOT 1, v0x55d76cb21400_0, C4<0>, C4<0>, C4<0>;
L_0x55d76cb219f0 .functor AND 1, L_0x55d76cb217f0, L_0x55d76cb21900, C4<1>, C4<1>;
L_0x55d76cb21b00 .functor NOT 1, v0x55d76cb212a0_0, C4<0>, C4<0>, C4<0>;
L_0x55d76cb21bb0 .functor NOT 1, v0x55d76cb21360_0, C4<0>, C4<0>, C4<0>;
L_0x55d76cb21c20 .functor AND 1, L_0x55d76cb21b00, L_0x55d76cb21bb0, C4<1>, C4<1>;
L_0x55d76cb21d80 .functor AND 1, L_0x55d76cb21c20, v0x55d76cb21400_0, C4<1>, C4<1>;
L_0x55d76cb21e40 .functor OR 1, L_0x55d76cb219f0, L_0x55d76cb21d80, C4<0>, C4<0>;
L_0x55d76cb21fb0 .functor NOT 1, v0x55d76cb212a0_0, C4<0>, C4<0>, C4<0>;
L_0x55d76cb22020 .functor AND 1, L_0x55d76cb21fb0, v0x55d76cb21360_0, C4<1>, C4<1>;
L_0x55d76cb22190 .functor NOT 1, v0x55d76cb21400_0, C4<0>, C4<0>, C4<0>;
L_0x55d76cb22290 .functor AND 1, L_0x55d76cb22020, L_0x55d76cb22190, C4<1>, C4<1>;
L_0x55d76cb22120 .functor OR 1, L_0x55d76cb21e40, L_0x55d76cb22290, C4<0>, C4<0>;
L_0x55d76cb223d0 .functor NOT 1, v0x55d76cb212a0_0, C4<0>, C4<0>, C4<0>;
L_0x55d76cb224d0 .functor AND 1, L_0x55d76cb223d0, v0x55d76cb21360_0, C4<1>, C4<1>;
L_0x55d76cb22590 .functor AND 1, L_0x55d76cb224d0, v0x55d76cb21400_0, C4<1>, C4<1>;
L_0x55d76cb226f0 .functor OR 1, L_0x55d76cb22120, L_0x55d76cb22590, C4<0>, C4<0>;
L_0x55d76cb22800 .functor NOT 1, v0x55d76cb21360_0, C4<0>, C4<0>, C4<0>;
L_0x55d76cb22920 .functor AND 1, v0x55d76cb212a0_0, L_0x55d76cb22800, C4<1>, C4<1>;
L_0x55d76cb229e0 .functor NOT 1, v0x55d76cb21400_0, C4<0>, C4<0>, C4<0>;
L_0x55d76cb22b10 .functor AND 1, L_0x55d76cb22920, L_0x55d76cb229e0, C4<1>, C4<1>;
L_0x55d76cb22c20 .functor OR 1, L_0x55d76cb226f0, L_0x55d76cb22b10, C4<0>, C4<0>;
L_0x55d76cb22e00 .functor NOT 1, v0x55d76cb21360_0, C4<0>, C4<0>, C4<0>;
L_0x55d76cb22e70 .functor AND 1, v0x55d76cb212a0_0, L_0x55d76cb22e00, C4<1>, C4<1>;
L_0x55d76cb23010 .functor AND 1, L_0x55d76cb22e70, v0x55d76cb21400_0, C4<1>, C4<1>;
L_0x55d76cb230d0 .functor OR 1, L_0x55d76cb22c20, L_0x55d76cb23010, C4<0>, C4<0>;
L_0x55d76cb232d0 .functor AND 1, v0x55d76cb212a0_0, v0x55d76cb21360_0, C4<1>, C4<1>;
L_0x55d76cb23340 .functor NOT 1, v0x55d76cb21400_0, C4<0>, C4<0>, C4<0>;
L_0x55d76cb235c0 .functor AND 1, L_0x55d76cb232d0, L_0x55d76cb23340, C4<1>, C4<1>;
L_0x55d76cb236d0 .functor OR 1, L_0x55d76cb230d0, L_0x55d76cb235c0, C4<0>, C4<0>;
L_0x55d76cb238f0 .functor AND 1, v0x55d76cb212a0_0, v0x55d76cb21360_0, C4<1>, C4<1>;
L_0x55d76cb23960 .functor AND 1, L_0x55d76cb238f0, v0x55d76cb21400_0, C4<1>, C4<1>;
L_0x55d76cb23b40 .functor OR 1, L_0x55d76cb236d0, L_0x55d76cb23960, C4<0>, C4<0>;
v0x55d76cacacf0_0 .net *"_ivl_0", 0 0, L_0x55d76cb21640;  1 drivers
v0x55d76cb1f000_0 .net *"_ivl_10", 0 0, L_0x55d76cb21b00;  1 drivers
v0x55d76cb1f0e0_0 .net *"_ivl_12", 0 0, L_0x55d76cb21bb0;  1 drivers
v0x55d76cb1f1a0_0 .net *"_ivl_14", 0 0, L_0x55d76cb21c20;  1 drivers
v0x55d76cb1f280_0 .net *"_ivl_16", 0 0, L_0x55d76cb21d80;  1 drivers
v0x55d76cb1f3b0_0 .net *"_ivl_18", 0 0, L_0x55d76cb21e40;  1 drivers
v0x55d76cb1f490_0 .net *"_ivl_2", 0 0, L_0x55d76cb21730;  1 drivers
v0x55d76cb1f570_0 .net *"_ivl_20", 0 0, L_0x55d76cb21fb0;  1 drivers
v0x55d76cb1f650_0 .net *"_ivl_22", 0 0, L_0x55d76cb22020;  1 drivers
v0x55d76cb1f730_0 .net *"_ivl_24", 0 0, L_0x55d76cb22190;  1 drivers
v0x55d76cb1f810_0 .net *"_ivl_26", 0 0, L_0x55d76cb22290;  1 drivers
v0x55d76cb1f8f0_0 .net *"_ivl_28", 0 0, L_0x55d76cb22120;  1 drivers
v0x55d76cb1f9d0_0 .net *"_ivl_30", 0 0, L_0x55d76cb223d0;  1 drivers
v0x55d76cb1fab0_0 .net *"_ivl_32", 0 0, L_0x55d76cb224d0;  1 drivers
v0x55d76cb1fb90_0 .net *"_ivl_34", 0 0, L_0x55d76cb22590;  1 drivers
v0x55d76cb1fc70_0 .net *"_ivl_36", 0 0, L_0x55d76cb226f0;  1 drivers
v0x55d76cb1fd50_0 .net *"_ivl_38", 0 0, L_0x55d76cb22800;  1 drivers
v0x55d76cb1fe30_0 .net *"_ivl_4", 0 0, L_0x55d76cb217f0;  1 drivers
v0x55d76cb1ff10_0 .net *"_ivl_40", 0 0, L_0x55d76cb22920;  1 drivers
v0x55d76cb1fff0_0 .net *"_ivl_42", 0 0, L_0x55d76cb229e0;  1 drivers
v0x55d76cb200d0_0 .net *"_ivl_44", 0 0, L_0x55d76cb22b10;  1 drivers
v0x55d76cb201b0_0 .net *"_ivl_46", 0 0, L_0x55d76cb22c20;  1 drivers
v0x55d76cb20290_0 .net *"_ivl_48", 0 0, L_0x55d76cb22e00;  1 drivers
v0x55d76cb20370_0 .net *"_ivl_50", 0 0, L_0x55d76cb22e70;  1 drivers
v0x55d76cb20450_0 .net *"_ivl_52", 0 0, L_0x55d76cb23010;  1 drivers
v0x55d76cb20530_0 .net *"_ivl_54", 0 0, L_0x55d76cb230d0;  1 drivers
v0x55d76cb20610_0 .net *"_ivl_56", 0 0, L_0x55d76cb232d0;  1 drivers
v0x55d76cb206f0_0 .net *"_ivl_58", 0 0, L_0x55d76cb23340;  1 drivers
v0x55d76cb207d0_0 .net *"_ivl_6", 0 0, L_0x55d76cb21900;  1 drivers
v0x55d76cb208b0_0 .net *"_ivl_60", 0 0, L_0x55d76cb235c0;  1 drivers
v0x55d76cb20990_0 .net *"_ivl_62", 0 0, L_0x55d76cb236d0;  1 drivers
v0x55d76cb20a70_0 .net *"_ivl_64", 0 0, L_0x55d76cb238f0;  1 drivers
v0x55d76cb20b50_0 .net *"_ivl_66", 0 0, L_0x55d76cb23960;  1 drivers
v0x55d76cb20e40_0 .net *"_ivl_8", 0 0, L_0x55d76cb219f0;  1 drivers
v0x55d76cb20f20_0 .net "a", 0 0, v0x55d76cb212a0_0;  1 drivers
v0x55d76cb20fe0_0 .net "b", 0 0, v0x55d76cb21360_0;  1 drivers
v0x55d76cb210a0_0 .net "c", 0 0, v0x55d76cb21400_0;  1 drivers
v0x55d76cb21160_0 .net "s", 0 0, L_0x55d76cb23b40;  alias, 1 drivers
    .scope S_0x55d76cb05410;
T_0 ;
    %pushi/vec4 0, 0, 5;
    %store/vec4 v0x55d76cb21500_0, 0, 5;
    %end;
    .thread T_0;
    .scope S_0x55d76cb05410;
T_1 ;
    %pushi/vec4 0, 0, 5;
    %store/vec4 v0x55d76cb21500_0, 0, 5;
T_1.0 ;
    %load/vec4 v0x55d76cb21500_0;
    %pad/u 32;
    %cmpi/u 16, 0, 32;
    %jmp/0xz T_1.1, 5;
    %load/vec4 v0x55d76cb21500_0;
    %parti/s 1, 2, 3;
    %store/vec4 v0x55d76cb212a0_0, 0, 1;
    %load/vec4 v0x55d76cb21500_0;
    %parti/s 1, 1, 2;
    %store/vec4 v0x55d76cb21360_0, 0, 1;
    %load/vec4 v0x55d76cb21500_0;
    %parti/s 1, 0, 2;
    %store/vec4 v0x55d76cb21400_0, 0, 1;
    %delay 0, 0;
    %vpi_call 2 18 "$display", "%d", v0x55d76cb215a0_0 {0 0 0};
    ; show_stmt_assign_vector: Get l-value for compressed += operand
    %load/vec4 v0x55d76cb21500_0;
    %pushi/vec4 1, 0, 5;
    %add;
    %store/vec4 v0x55d76cb21500_0, 0, 5;
    %jmp T_1.0;
T_1.1 ;
    %vpi_call 2 20 "$finish" {0 0 0};
    %end;
    .thread T_1;
# The file index is used to find the file name in the following table.
:file_names 3;
    "N/A";
    "<interactive>";
    "exercicioc.v";
