#! /usr/bin/vvp
:ivl_version "11.0 (stable)";
:ivl_delay_selection "TYPICAL";
:vpi_time_precision + 0;
:vpi_module "/usr/lib/x86_64-linux-gnu/ivl/system.vpi";
:vpi_module "/usr/lib/x86_64-linux-gnu/ivl/vhdl_sys.vpi";
:vpi_module "/usr/lib/x86_64-linux-gnu/ivl/vhdl_textio.vpi";
:vpi_module "/usr/lib/x86_64-linux-gnu/ivl/v2005_math.vpi";
:vpi_module "/usr/lib/x86_64-linux-gnu/ivl/va_math.vpi";
S_0x557b842ffed0 .scope module, "main" "main" 2 10;
 .timescale 0 0;
v0x557b84311970_0 .var "a", 0 0;
v0x557b84311a10_0 .var "b", 0 0;
v0x557b84311ae0_0 .var "counter", 2 0;
v0x557b84311bb0_0 .net "s", 0 0, L_0x557b84311f90;  1 drivers
S_0x557b84300060 .scope module, "exer3" "exer03" 2 14, 2 1 0, S_0x557b842ffed0;
 .timescale 0 0;
    .port_info 0 /OUTPUT 1 "s";
    .port_info 1 /INPUT 1 "a";
    .port_info 2 /INPUT 1 "b";
L_0x557b84311c80 .functor NOR 1, v0x557b84311970_0, v0x557b84311970_0, C4<0>, C4<0>;
L_0x557b84311d70 .functor NAND 1, L_0x557b84311c80, v0x557b84311a10_0, C4<1>, C4<1>;
L_0x557b84311e80 .functor NOR 1, v0x557b84311970_0, v0x557b84311970_0, C4<0>, C4<0>;
L_0x557b84311ef0 .functor NAND 1, L_0x557b84311e80, v0x557b84311a10_0, C4<1>, C4<1>;
L_0x557b84311f90 .functor NAND 1, L_0x557b84311d70, L_0x557b84311ef0, C4<1>, C4<1>;
v0x557b84300240_0 .net "a", 0 0, v0x557b84311970_0;  1 drivers
v0x557b84311440_0 .net "b", 0 0, v0x557b84311a10_0;  1 drivers
v0x557b84311500_0 .net "nand01", 0 0, L_0x557b84311d70;  1 drivers
v0x557b843115a0_0 .net "nand02", 0 0, L_0x557b84311ef0;  1 drivers
v0x557b84311660_0 .net "nor01", 0 0, L_0x557b84311c80;  1 drivers
v0x557b84311770_0 .net "nor02", 0 0, L_0x557b84311e80;  1 drivers
v0x557b84311830_0 .net "s", 0 0, L_0x557b84311f90;  alias, 1 drivers
    .scope S_0x557b842ffed0;
T_0 ;
    %pushi/vec4 0, 0, 3;
    %store/vec4 v0x557b84311ae0_0, 0, 3;
    %end;
    .thread T_0;
    .scope S_0x557b842ffed0;
T_1 ;
    %pushi/vec4 0, 0, 3;
    %store/vec4 v0x557b84311ae0_0, 0, 3;
T_1.0 ;
    %load/vec4 v0x557b84311ae0_0;
    %pad/u 32;
    %cmpi/u 4, 0, 32;
    %jmp/0xz T_1.1, 5;
    %load/vec4 v0x557b84311ae0_0;
    %parti/s 1, 1, 2;
    %store/vec4 v0x557b84311970_0, 0, 1;
    %load/vec4 v0x557b84311ae0_0;
    %parti/s 1, 0, 2;
    %store/vec4 v0x557b84311a10_0, 0, 1;
    %delay 0, 0;
    %vpi_call 2 20 "$display", "%d", v0x557b84311bb0_0 {0 0 0};
    ; show_stmt_assign_vector: Get l-value for compressed += operand
    %load/vec4 v0x557b84311ae0_0;
    %pushi/vec4 1, 0, 3;
    %add;
    %store/vec4 v0x557b84311ae0_0, 0, 3;
    %jmp T_1.0;
T_1.1 ;
    %vpi_call 2 22 "$finish" {0 0 0};
    %end;
    .thread T_1;
# The file index is used to find the file name in the following table.
:file_names 3;
    "N/A";
    "<interactive>";
    "Exercicio03.v";
