#! /usr/bin/vvp
:ivl_version "11.0 (stable)";
:ivl_delay_selection "TYPICAL";
:vpi_time_precision + 0;
:vpi_module "/usr/lib/x86_64-linux-gnu/ivl/system.vpi";
:vpi_module "/usr/lib/x86_64-linux-gnu/ivl/vhdl_sys.vpi";
:vpi_module "/usr/lib/x86_64-linux-gnu/ivl/vhdl_textio.vpi";
:vpi_module "/usr/lib/x86_64-linux-gnu/ivl/v2005_math.vpi";
:vpi_module "/usr/lib/x86_64-linux-gnu/ivl/va_math.vpi";
S_0x55a9e31f8f10 .scope module, "main" "main" 2 25;
 .timescale 0 0;
v0x55a9e3210c60_0 .var "a", 0 0;
v0x55a9e3210d20_0 .var "b", 0 0;
v0x55a9e3210df0_0 .var "c", 0 0;
v0x55a9e3210ef0_0 .var "counter", 4 0;
v0x55a9e3210f90_0 .net "s", 0 0, L_0x55a9e3212f50;  1 drivers
S_0x55a9e31f90a0 .scope module, "exe1" "Resumido" 2 31, 2 1 0, S_0x55a9e31f8f10;
 .timescale 0 0;
    .port_info 0 /OUTPUT 1 "s";
    .port_info 1 /INPUT 1 "a";
    .port_info 2 /INPUT 1 "b";
    .port_info 3 /INPUT 1 "c";
L_0x55a9e3211030 .functor NOR 1, v0x55a9e3210c60_0, v0x55a9e3210d20_0, v0x55a9e3210df0_0, C4<0>;
L_0x55a9e32111f0 .functor NOR 1, v0x55a9e3210c60_0, v0x55a9e3210d20_0, L_0x55a9e3211260, C4<0>;
L_0x55a9e3211260 .functor NOT 1, v0x55a9e3210df0_0, C4<0>, C4<0>, C4<0>;
L_0x55a9e3211320 .functor NOR 1, v0x55a9e3210c60_0, L_0x55a9e32114b0, v0x55a9e3210df0_0, C4<0>;
L_0x55a9e32114b0 .functor NOT 1, v0x55a9e3210d20_0, C4<0>, C4<0>, C4<0>;
L_0x55a9e32115b0 .functor NOR 1, v0x55a9e3210c60_0, L_0x55a9e32116f0, L_0x55a9e3211760, C4<0>;
L_0x55a9e32116f0 .functor NOT 1, v0x55a9e3210d20_0, C4<0>, C4<0>, C4<0>;
L_0x55a9e3211760 .functor NOT 1, v0x55a9e3210df0_0, C4<0>, C4<0>, C4<0>;
L_0x55a9e3211820 .functor NOR 1, L_0x55a9e3211890, v0x55a9e3210d20_0, v0x55a9e3210df0_0, C4<0>;
L_0x55a9e3211890 .functor NOT 1, v0x55a9e3210c60_0, C4<0>, C4<0>, C4<0>;
L_0x55a9e32119b0 .functor NOR 1, L_0x55a9e3211ab0, v0x55a9e3210d20_0, L_0x55a9e3211b90, C4<0>;
L_0x55a9e3211ab0 .functor NOT 1, v0x55a9e3210c60_0, C4<0>, C4<0>, C4<0>;
L_0x55a9e3211b90 .functor NOT 1, v0x55a9e3210df0_0, C4<0>, C4<0>, C4<0>;
L_0x55a9e3211c50 .functor NOR 1, L_0x55a9e3211b20, L_0x55a9e3211f00, v0x55a9e3210df0_0, C4<0>;
L_0x55a9e3211b20 .functor NOT 1, v0x55a9e3210c60_0, C4<0>, C4<0>, C4<0>;
L_0x55a9e3211f00 .functor NOT 1, v0x55a9e3210d20_0, C4<0>, C4<0>, C4<0>;
L_0x55a9e3212160 .functor NOR 1, L_0x55a9e3212260, L_0x55a9e32123c0, L_0x55a9e3212480, C4<0>;
L_0x55a9e3212260 .functor NOT 1, v0x55a9e3210c60_0, C4<0>, C4<0>, C4<0>;
L_0x55a9e32123c0 .functor NOT 1, v0x55a9e3210d20_0, C4<0>, C4<0>, C4<0>;
L_0x55a9e3212480 .functor NOT 1, v0x55a9e3210df0_0, C4<0>, C4<0>, C4<0>;
L_0x55a9e32125f0 .functor NOR 1, L_0x55a9e3211030, C4<0>, C4<0>, C4<0>;
L_0x55a9e32126b0 .functor NOR 1, L_0x55a9e32111f0, C4<0>, C4<0>, C4<0>;
L_0x55a9e3212830 .functor NOR 1, L_0x55a9e3211320, C4<0>, C4<0>, C4<0>;
L_0x55a9e32128f0 .functor NOR 1, L_0x55a9e32115b0, C4<0>, C4<0>, C4<0>;
L_0x55a9e3212a80 .functor NOR 1, L_0x55a9e3211820, C4<0>, C4<0>, C4<0>;
L_0x55a9e3212b40 .functor NOR 1, L_0x55a9e32119b0, C4<0>, C4<0>, C4<0>;
L_0x55a9e3212ce0 .functor NOR 1, L_0x55a9e3211c50, C4<0>, C4<0>, C4<0>;
L_0x55a9e3212da0 .functor NOR 1, L_0x55a9e3212160, C4<0>, C4<0>, C4<0>;
L_0x55a9e3212f50/0/0 .functor OR 1, L_0x55a9e32125f0, L_0x55a9e32126b0, L_0x55a9e3212830, L_0x55a9e32128f0;
L_0x55a9e3212f50/0/4 .functor OR 1, L_0x55a9e3212a80, L_0x55a9e3212b40, L_0x55a9e3212ce0, L_0x55a9e3212da0;
L_0x55a9e3212f50 .functor NOR 1, L_0x55a9e3212f50/0/0, L_0x55a9e3212f50/0/4, C4<0>, C4<0>;
v0x55a9e31f45d0_0 .net "NOR1", 0 0, L_0x55a9e3211030;  1 drivers
v0x55a9e31f3fd0_0 .net "NOR2", 0 0, L_0x55a9e32111f0;  1 drivers
v0x55a9e320f3b0_0 .net "NOR3", 0 0, L_0x55a9e3211320;  1 drivers
v0x55a9e320f450_0 .net "NOR4", 0 0, L_0x55a9e32115b0;  1 drivers
v0x55a9e320f510_0 .net "NOR5", 0 0, L_0x55a9e3211820;  1 drivers
v0x55a9e320f620_0 .net "NOR6", 0 0, L_0x55a9e32119b0;  1 drivers
v0x55a9e320f6e0_0 .net "NOR7", 0 0, L_0x55a9e3211c50;  1 drivers
v0x55a9e320f7a0_0 .net "NOR8", 0 0, L_0x55a9e3212160;  1 drivers
v0x55a9e320f860_0 .net *"_ivl_0", 0 0, L_0x55a9e3211260;  1 drivers
v0x55a9e320f940_0 .net *"_ivl_10", 0 0, L_0x55a9e3211ab0;  1 drivers
v0x55a9e320fa20_0 .net *"_ivl_12", 0 0, L_0x55a9e3211b90;  1 drivers
v0x55a9e320fb00_0 .net *"_ivl_14", 0 0, L_0x55a9e3211b20;  1 drivers
v0x55a9e320fbe0_0 .net *"_ivl_16", 0 0, L_0x55a9e3211f00;  1 drivers
v0x55a9e320fcc0_0 .net *"_ivl_18", 0 0, L_0x55a9e3212260;  1 drivers
v0x55a9e320fda0_0 .net *"_ivl_2", 0 0, L_0x55a9e32114b0;  1 drivers
v0x55a9e320fe80_0 .net *"_ivl_20", 0 0, L_0x55a9e32123c0;  1 drivers
v0x55a9e320ff60_0 .net *"_ivl_22", 0 0, L_0x55a9e3212480;  1 drivers
v0x55a9e3210040_0 .net *"_ivl_4", 0 0, L_0x55a9e32116f0;  1 drivers
v0x55a9e3210120_0 .net *"_ivl_6", 0 0, L_0x55a9e3211760;  1 drivers
v0x55a9e3210200_0 .net *"_ivl_8", 0 0, L_0x55a9e3211890;  1 drivers
v0x55a9e32102e0_0 .net "a", 0 0, v0x55a9e3210c60_0;  1 drivers
v0x55a9e32103a0_0 .net "b", 0 0, v0x55a9e3210d20_0;  1 drivers
v0x55a9e3210460_0 .net "c", 0 0, v0x55a9e3210df0_0;  1 drivers
v0x55a9e3210520_0 .net "notNOR1", 0 0, L_0x55a9e32125f0;  1 drivers
v0x55a9e32105e0_0 .net "notNOR2", 0 0, L_0x55a9e32126b0;  1 drivers
v0x55a9e32106a0_0 .net "notNOR3", 0 0, L_0x55a9e3212830;  1 drivers
v0x55a9e3210760_0 .net "notNOR4", 0 0, L_0x55a9e32128f0;  1 drivers
v0x55a9e3210820_0 .net "notNOR5", 0 0, L_0x55a9e3212a80;  1 drivers
v0x55a9e32108e0_0 .net "notNOR6", 0 0, L_0x55a9e3212b40;  1 drivers
v0x55a9e32109a0_0 .net "notNOR7", 0 0, L_0x55a9e3212ce0;  1 drivers
v0x55a9e3210a60_0 .net "notNOR8", 0 0, L_0x55a9e3212da0;  1 drivers
v0x55a9e3210b20_0 .net "s", 0 0, L_0x55a9e3212f50;  alias, 1 drivers
    .scope S_0x55a9e31f8f10;
T_0 ;
    %pushi/vec4 0, 0, 5;
    %store/vec4 v0x55a9e3210ef0_0, 0, 5;
    %end;
    .thread T_0;
    .scope S_0x55a9e31f8f10;
T_1 ;
    %pushi/vec4 0, 0, 5;
    %store/vec4 v0x55a9e3210ef0_0, 0, 5;
T_1.0 ;
    %load/vec4 v0x55a9e3210ef0_0;
    %pad/u 32;
    %cmpi/u 16, 0, 32;
    %jmp/0xz T_1.1, 5;
    %load/vec4 v0x55a9e3210ef0_0;
    %parti/s 1, 2, 3;
    %store/vec4 v0x55a9e3210c60_0, 0, 1;
    %load/vec4 v0x55a9e3210ef0_0;
    %parti/s 1, 1, 2;
    %store/vec4 v0x55a9e3210d20_0, 0, 1;
    %load/vec4 v0x55a9e3210ef0_0;
    %parti/s 1, 0, 2;
    %store/vec4 v0x55a9e3210df0_0, 0, 1;
    %delay 0, 0;
    %vpi_call 2 38 "$display", "%d %d", v0x55a9e3210ef0_0, v0x55a9e3210f90_0 {0 0 0};
    ; show_stmt_assign_vector: Get l-value for compressed += operand
    %load/vec4 v0x55a9e3210ef0_0;
    %pushi/vec4 1, 0, 5;
    %add;
    %store/vec4 v0x55a9e3210ef0_0, 0, 5;
    %jmp T_1.0;
T_1.1 ;
    %vpi_call 2 40 "$finish" {0 0 0};
    %end;
    .thread T_1;
# The file index is used to find the file name in the following table.
:file_names 3;
    "N/A";
    "<interactive>";
    "exercicioF.v";
