#! /usr/bin/vvp
:ivl_version "11.0 (stable)";
:ivl_delay_selection "TYPICAL";
:vpi_time_precision + 0;
:vpi_module "/usr/lib/x86_64-linux-gnu/ivl/system.vpi";
:vpi_module "/usr/lib/x86_64-linux-gnu/ivl/vhdl_sys.vpi";
:vpi_module "/usr/lib/x86_64-linux-gnu/ivl/vhdl_textio.vpi";
:vpi_module "/usr/lib/x86_64-linux-gnu/ivl/v2005_math.vpi";
:vpi_module "/usr/lib/x86_64-linux-gnu/ivl/va_math.vpi";
S_0x557633860f00 .scope module, "main" "main" 2 9;
 .timescale 0 0;
v0x557633898410_0 .var "a", 0 0;
v0x5576338984d0_0 .var "b", 0 0;
v0x5576338985e0_0 .var "c", 0 0;
v0x5576338986d0_0 .var "counter", 4 0;
v0x557633898770_0 .var "d", 0 0;
v0x5576338988b0_0 .net "s", 0 0, L_0x55763389c310;  1 drivers
v0x557633898950_0 .net "s2", 0 0, L_0x55763389cc90;  1 drivers
v0x5576338989f0 .array "substCounter", 0 4, 1 0;
v0x557633898a90 .array/i "tabela", 39 0, 31 0;
S_0x557633861090 .scope begin, "$ivl_for_loop0" "$ivl_for_loop0" 2 19, 2 19 0, S_0x557633860f00;
 .timescale 0 0;
v0x5576338719d0_0 .var/i "i", 31 0;
S_0x557633862820 .scope begin, "$ivl_for_loop1" "$ivl_for_loop1" 2 20, 2 20 0, S_0x557633861090;
 .timescale 0 0;
v0x55763385d230_0 .var/i "j", 31 0;
S_0x557633894020 .scope begin, "$ivl_for_loop2" "$ivl_for_loop2" 2 30, 2 30 0, S_0x557633860f00;
 .timescale 0 0;
v0x557633894220_0 .var/i "h", 31 0;
S_0x557633894300 .scope module, "exe1" "naoResumido" 2 16, 2 1 0, S_0x557633860f00;
 .timescale 0 0;
    .port_info 0 /OUTPUT 1 "s";
    .port_info 1 /INPUT 1 "a";
    .port_info 2 /INPUT 1 "b";
    .port_info 3 /INPUT 1 "c";
    .port_info 4 /INPUT 1 "d";
L_0x5576338716d0 .functor NOT 1, v0x557633898410_0, C4<0>, C4<0>, C4<0>;
L_0x557633871740 .functor NOT 1, v0x5576338984d0_0, C4<0>, C4<0>, C4<0>;
L_0x557633898b70 .functor AND 1, L_0x5576338716d0, L_0x557633871740, C4<1>, C4<1>;
L_0x557633898c30 .functor NOT 1, v0x5576338985e0_0, C4<0>, C4<0>, C4<0>;
L_0x557633898cd0 .functor AND 1, L_0x557633898b70, L_0x557633898c30, C4<1>, C4<1>;
L_0x557633898de0 .functor NOT 1, v0x557633898770_0, C4<0>, C4<0>, C4<0>;
L_0x557633898e90 .functor AND 1, L_0x557633898cd0, L_0x557633898de0, C4<1>, C4<1>;
L_0x557633898fa0 .functor NOT 1, v0x557633898410_0, C4<0>, C4<0>, C4<0>;
L_0x5576338990f0 .functor NOT 1, v0x5576338984d0_0, C4<0>, C4<0>, C4<0>;
L_0x5576338991f0 .functor AND 1, L_0x557633898fa0, L_0x5576338990f0, C4<1>, C4<1>;
L_0x5576338992c0 .functor NOT 1, v0x5576338985e0_0, C4<0>, C4<0>, C4<0>;
L_0x5576338993c0 .functor AND 1, L_0x5576338991f0, L_0x5576338992c0, C4<1>, C4<1>;
L_0x5576338994a0 .functor AND 1, L_0x5576338993c0, v0x557633898770_0, C4<1>, C4<1>;
L_0x5576338995f0 .functor OR 1, L_0x557633898e90, L_0x5576338994a0, C4<0>, C4<0>;
L_0x557633899430 .functor NOT 1, v0x557633898410_0, C4<0>, C4<0>, C4<0>;
L_0x557633899730 .functor NOT 1, v0x5576338984d0_0, C4<0>, C4<0>, C4<0>;
L_0x557633899830 .functor AND 1, L_0x557633899430, L_0x557633899730, C4<1>, C4<1>;
L_0x557633899940 .functor AND 1, L_0x557633899830, v0x5576338985e0_0, C4<1>, C4<1>;
L_0x557633899aa0 .functor AND 1, L_0x557633899940, v0x557633898770_0, C4<1>, C4<1>;
L_0x557633899b60 .functor OR 1, L_0x5576338995f0, L_0x557633899aa0, C4<0>, C4<0>;
L_0x557633899d20 .functor NOT 1, v0x557633898410_0, C4<0>, C4<0>, C4<0>;
L_0x557633899d90 .functor AND 1, L_0x557633899d20, v0x5576338984d0_0, C4<1>, C4<1>;
L_0x557633899f10 .functor AND 1, L_0x557633899d90, v0x5576338985e0_0, C4<1>, C4<1>;
L_0x557633899fd0 .functor AND 1, L_0x557633899f10, v0x557633898770_0, C4<1>, C4<1>;
L_0x55763389a160 .functor OR 1, L_0x557633899b60, L_0x557633899fd0, C4<0>, C4<0>;
L_0x55763389a270 .functor NOT 1, v0x5576338984d0_0, C4<0>, C4<0>, C4<0>;
L_0x55763389a3c0 .functor AND 1, v0x557633898410_0, L_0x55763389a270, C4<1>, C4<1>;
L_0x55763389a480 .functor NOT 1, v0x5576338985e0_0, C4<0>, C4<0>, C4<0>;
L_0x55763389a5e0 .functor AND 1, L_0x55763389a3c0, L_0x55763389a480, C4<1>, C4<1>;
L_0x55763389a6f0 .functor NOT 1, v0x557633898770_0, C4<0>, C4<0>, C4<0>;
L_0x55763389a860 .functor AND 1, L_0x55763389a5e0, L_0x55763389a6f0, C4<1>, C4<1>;
L_0x55763389a970 .functor OR 1, L_0x55763389a160, L_0x55763389a860, C4<0>, C4<0>;
L_0x55763389ab90 .functor NOT 1, v0x5576338984d0_0, C4<0>, C4<0>, C4<0>;
L_0x55763389ac00 .functor AND 1, v0x557633898410_0, L_0x55763389ab90, C4<1>, C4<1>;
L_0x55763389ade0 .functor NOT 1, v0x5576338985e0_0, C4<0>, C4<0>, C4<0>;
L_0x55763389ae50 .functor AND 1, L_0x55763389ac00, L_0x55763389ade0, C4<1>, C4<1>;
L_0x55763389b090 .functor AND 1, L_0x55763389ae50, v0x557633898770_0, C4<1>, C4<1>;
L_0x55763389b260 .functor OR 1, L_0x55763389a970, L_0x55763389b090, C4<0>, C4<0>;
L_0x55763389b4b0 .functor AND 1, v0x557633898410_0, v0x5576338984d0_0, C4<1>, C4<1>;
L_0x55763389b520 .functor NOT 1, v0x5576338985e0_0, C4<0>, C4<0>, C4<0>;
L_0x55763389b6e0 .functor AND 1, L_0x55763389b4b0, L_0x55763389b520, C4<1>, C4<1>;
L_0x55763389b7f0 .functor NOT 1, v0x557633898770_0, C4<0>, C4<0>, C4<0>;
L_0x55763389b9c0 .functor AND 1, L_0x55763389b6e0, L_0x55763389b7f0, C4<1>, C4<1>;
L_0x55763389bad0 .functor OR 1, L_0x55763389b260, L_0x55763389b9c0, C4<0>, C4<0>;
L_0x55763389bd50 .functor AND 1, v0x557633898410_0, v0x5576338984d0_0, C4<1>, C4<1>;
L_0x55763389bdc0 .functor AND 1, L_0x55763389bd50, v0x5576338985e0_0, C4<1>, C4<1>;
L_0x55763389c000 .functor NOT 1, v0x557633898770_0, C4<0>, C4<0>, C4<0>;
L_0x55763389c070 .functor AND 1, L_0x55763389bdc0, L_0x55763389c000, C4<1>, C4<1>;
L_0x55763389c310 .functor OR 1, L_0x55763389bad0, L_0x55763389c070, C4<0>, C4<0>;
v0x5576338944e0_0 .net *"_ivl_0", 0 0, L_0x5576338716d0;  1 drivers
v0x5576338945c0_0 .net *"_ivl_10", 0 0, L_0x557633898de0;  1 drivers
v0x5576338946a0_0 .net *"_ivl_12", 0 0, L_0x557633898e90;  1 drivers
v0x557633894760_0 .net *"_ivl_14", 0 0, L_0x557633898fa0;  1 drivers
v0x557633894840_0 .net *"_ivl_16", 0 0, L_0x5576338990f0;  1 drivers
v0x557633894970_0 .net *"_ivl_18", 0 0, L_0x5576338991f0;  1 drivers
v0x557633894a50_0 .net *"_ivl_2", 0 0, L_0x557633871740;  1 drivers
v0x557633894b30_0 .net *"_ivl_20", 0 0, L_0x5576338992c0;  1 drivers
v0x557633894c10_0 .net *"_ivl_22", 0 0, L_0x5576338993c0;  1 drivers
v0x557633894cf0_0 .net *"_ivl_24", 0 0, L_0x5576338994a0;  1 drivers
v0x557633894dd0_0 .net *"_ivl_26", 0 0, L_0x5576338995f0;  1 drivers
v0x557633894eb0_0 .net *"_ivl_28", 0 0, L_0x557633899430;  1 drivers
v0x557633894f90_0 .net *"_ivl_30", 0 0, L_0x557633899730;  1 drivers
v0x557633895070_0 .net *"_ivl_32", 0 0, L_0x557633899830;  1 drivers
v0x557633895150_0 .net *"_ivl_34", 0 0, L_0x557633899940;  1 drivers
v0x557633895230_0 .net *"_ivl_36", 0 0, L_0x557633899aa0;  1 drivers
v0x557633895310_0 .net *"_ivl_38", 0 0, L_0x557633899b60;  1 drivers
v0x5576338953f0_0 .net *"_ivl_4", 0 0, L_0x557633898b70;  1 drivers
v0x5576338954d0_0 .net *"_ivl_40", 0 0, L_0x557633899d20;  1 drivers
v0x5576338955b0_0 .net *"_ivl_42", 0 0, L_0x557633899d90;  1 drivers
v0x557633895690_0 .net *"_ivl_44", 0 0, L_0x557633899f10;  1 drivers
v0x557633895770_0 .net *"_ivl_46", 0 0, L_0x557633899fd0;  1 drivers
v0x557633895850_0 .net *"_ivl_48", 0 0, L_0x55763389a160;  1 drivers
v0x557633895930_0 .net *"_ivl_50", 0 0, L_0x55763389a270;  1 drivers
v0x557633895a10_0 .net *"_ivl_52", 0 0, L_0x55763389a3c0;  1 drivers
v0x557633895af0_0 .net *"_ivl_54", 0 0, L_0x55763389a480;  1 drivers
v0x557633895bd0_0 .net *"_ivl_56", 0 0, L_0x55763389a5e0;  1 drivers
v0x557633895cb0_0 .net *"_ivl_58", 0 0, L_0x55763389a6f0;  1 drivers
v0x557633895d90_0 .net *"_ivl_6", 0 0, L_0x557633898c30;  1 drivers
v0x557633895e70_0 .net *"_ivl_60", 0 0, L_0x55763389a860;  1 drivers
v0x557633895f50_0 .net *"_ivl_62", 0 0, L_0x55763389a970;  1 drivers
v0x557633896030_0 .net *"_ivl_64", 0 0, L_0x55763389ab90;  1 drivers
v0x557633896110_0 .net *"_ivl_66", 0 0, L_0x55763389ac00;  1 drivers
v0x557633896400_0 .net *"_ivl_68", 0 0, L_0x55763389ade0;  1 drivers
v0x5576338964e0_0 .net *"_ivl_70", 0 0, L_0x55763389ae50;  1 drivers
v0x5576338965c0_0 .net *"_ivl_72", 0 0, L_0x55763389b090;  1 drivers
v0x5576338966a0_0 .net *"_ivl_74", 0 0, L_0x55763389b260;  1 drivers
v0x557633896780_0 .net *"_ivl_76", 0 0, L_0x55763389b4b0;  1 drivers
v0x557633896860_0 .net *"_ivl_78", 0 0, L_0x55763389b520;  1 drivers
v0x557633896940_0 .net *"_ivl_8", 0 0, L_0x557633898cd0;  1 drivers
v0x557633896a20_0 .net *"_ivl_80", 0 0, L_0x55763389b6e0;  1 drivers
v0x557633896b00_0 .net *"_ivl_82", 0 0, L_0x55763389b7f0;  1 drivers
v0x557633896be0_0 .net *"_ivl_84", 0 0, L_0x55763389b9c0;  1 drivers
v0x557633896cc0_0 .net *"_ivl_86", 0 0, L_0x55763389bad0;  1 drivers
v0x557633896da0_0 .net *"_ivl_88", 0 0, L_0x55763389bd50;  1 drivers
v0x557633896e80_0 .net *"_ivl_90", 0 0, L_0x55763389bdc0;  1 drivers
v0x557633896f60_0 .net *"_ivl_92", 0 0, L_0x55763389c000;  1 drivers
v0x557633897040_0 .net *"_ivl_94", 0 0, L_0x55763389c070;  1 drivers
v0x557633897120_0 .net "a", 0 0, v0x557633898410_0;  1 drivers
v0x5576338971e0_0 .net "b", 0 0, v0x5576338984d0_0;  1 drivers
v0x5576338972a0_0 .net "c", 0 0, v0x5576338985e0_0;  1 drivers
v0x557633897360_0 .net "d", 0 0, v0x557633898770_0;  1 drivers
v0x557633897420_0 .net "s", 0 0, L_0x55763389c310;  alias, 1 drivers
S_0x557633897580 .scope module, "exe1r" "resumido" 2 17, 2 5 0, S_0x557633860f00;
 .timescale 0 0;
    .port_info 0 /OUTPUT 1 "s";
    .port_info 1 /INPUT 1 "a";
    .port_info 2 /INPUT 1 "b";
    .port_info 3 /INPUT 1 "c";
    .port_info 4 /INPUT 1 "d";
L_0x55763389c470 .functor NOT 1, v0x5576338984d0_0, C4<0>, C4<0>, C4<0>;
L_0x55763389c4e0 .functor NOT 1, v0x5576338985e0_0, C4<0>, C4<0>, C4<0>;
L_0x55763389c570 .functor AND 1, L_0x55763389c470, L_0x55763389c4e0, C4<1>, C4<1>;
L_0x55763389c680 .functor NOT 1, v0x557633898410_0, C4<0>, C4<0>, C4<0>;
L_0x55763389c720 .functor AND 1, L_0x55763389c680, v0x5576338985e0_0, C4<1>, C4<1>;
L_0x55763389c7e0 .functor AND 1, L_0x55763389c720, v0x557633898770_0, C4<1>, C4<1>;
L_0x55763389c8e0 .functor OR 1, L_0x55763389c570, L_0x55763389c7e0, C4<0>, C4<0>;
L_0x55763389c9f0 .functor AND 1, v0x557633898410_0, v0x5576338984d0_0, C4<1>, C4<1>;
L_0x55763389cab0 .functor NOT 1, v0x557633898770_0, C4<0>, C4<0>, C4<0>;
L_0x55763389cb20 .functor AND 1, L_0x55763389c9f0, L_0x55763389cab0, C4<1>, C4<1>;
L_0x55763389cc90 .functor OR 1, L_0x55763389c8e0, L_0x55763389cb20, C4<0>, C4<0>;
v0x557633897710_0 .net *"_ivl_0", 0 0, L_0x55763389c470;  1 drivers
v0x557633897810_0 .net *"_ivl_10", 0 0, L_0x55763389c7e0;  1 drivers
v0x5576338978f0_0 .net *"_ivl_12", 0 0, L_0x55763389c8e0;  1 drivers
v0x5576338979b0_0 .net *"_ivl_14", 0 0, L_0x55763389c9f0;  1 drivers
v0x557633897a90_0 .net *"_ivl_16", 0 0, L_0x55763389cab0;  1 drivers
v0x557633897bc0_0 .net *"_ivl_18", 0 0, L_0x55763389cb20;  1 drivers
v0x557633897ca0_0 .net *"_ivl_2", 0 0, L_0x55763389c4e0;  1 drivers
v0x557633897d80_0 .net *"_ivl_4", 0 0, L_0x55763389c570;  1 drivers
v0x557633897e60_0 .net *"_ivl_6", 0 0, L_0x55763389c680;  1 drivers
v0x557633897f40_0 .net *"_ivl_8", 0 0, L_0x55763389c720;  1 drivers
v0x557633898020_0 .net "a", 0 0, v0x557633898410_0;  alias, 1 drivers
v0x5576338980c0_0 .net "b", 0 0, v0x5576338984d0_0;  alias, 1 drivers
v0x557633898160_0 .net "c", 0 0, v0x5576338985e0_0;  alias, 1 drivers
v0x557633898230_0 .net "d", 0 0, v0x557633898770_0;  alias, 1 drivers
v0x557633898300_0 .net "s", 0 0, L_0x55763389cc90;  alias, 1 drivers
    .scope S_0x557633860f00;
T_0 ;
    %pushi/vec4 0, 0, 5;
    %store/vec4 v0x5576338986d0_0, 0, 5;
    %end;
    .thread T_0;
    .scope S_0x557633860f00;
T_1 ;
    %fork t_1, S_0x557633861090;
    %jmp t_0;
    .scope S_0x557633861090;
t_1 ;
    %pushi/vec4 0, 0, 32;
    %store/vec4 v0x5576338719d0_0, 0, 32;
T_1.0 ;
    %load/vec4 v0x5576338719d0_0;
    %cmpi/s 16, 0, 32;
    %jmp/0xz T_1.1, 5;
    %fork t_3, S_0x557633862820;
    %jmp t_2;
    .scope S_0x557633862820;
t_3 ;
    %pushi/vec4 0, 0, 32;
    %store/vec4 v0x55763385d230_0, 0, 32;
T_1.2 ;
    %load/vec4 v0x55763385d230_0;
    %cmpi/s 4, 0, 32;
    %jmp/0xz T_1.3, 5;
    %load/vec4 v0x5576338986d0_0;
    %parti/s 1, 3, 3;
    %store/vec4 v0x557633898410_0, 0, 1;
    %load/vec4 v0x5576338986d0_0;
    %parti/s 1, 2, 3;
    %store/vec4 v0x5576338984d0_0, 0, 1;
    %load/vec4 v0x5576338986d0_0;
    %parti/s 1, 1, 2;
    %store/vec4 v0x5576338985e0_0, 0, 1;
    %load/vec4 v0x5576338986d0_0;
    %parti/s 1, 0, 2;
    %store/vec4 v0x557633898770_0, 0, 1;
    %delay 0, 0;
    %load/vec4 v0x5576338988b0_0;
    %pad/u 32;
    %load/vec4 v0x5576338719d0_0;
    %pad/s 35;
    %pad/s 38;
    %muli 5, 0, 38;
    %pad/s 39;
    %load/vec4 v0x55763385d230_0;
    %pad/s 39;
    %add;
    %ix/vec4/s 4;
    %store/vec4a v0x557633898a90, 4, 0;
    ; show_stmt_assign_vector: Get l-value for compressed += operand
    %load/vec4 v0x5576338986d0_0;
    %pushi/vec4 1, 0, 5;
    %add;
    %store/vec4 v0x5576338986d0_0, 0, 5;
    ; show_stmt_assign_vector: Get l-value for compressed += operand
    %load/vec4 v0x55763385d230_0;
    %pushi/vec4 1, 0, 32;
    %add;
    %store/vec4 v0x55763385d230_0, 0, 32;
    %jmp T_1.2;
T_1.3 ;
    %end;
    .scope S_0x557633861090;
t_2 %join;
    ; show_stmt_assign_vector: Get l-value for compressed += operand
    %load/vec4 v0x5576338719d0_0;
    %pushi/vec4 1, 0, 32;
    %add;
    %store/vec4 v0x5576338719d0_0, 0, 32;
    %jmp T_1.0;
T_1.1 ;
    %end;
    .scope S_0x557633860f00;
t_0 %join;
    %fork t_5, S_0x557633894020;
    %jmp t_4;
    .scope S_0x557633894020;
t_5 ;
    %pushi/vec4 0, 0, 32;
    %store/vec4 v0x557633894220_0, 0, 32;
T_1.4 ;
    %load/vec4 v0x557633894220_0;
    %cmpi/s 4, 0, 32;
    %jmp/0xz T_1.5, 5;
    %load/vec4 v0x557633894220_0;
    %pad/s 2;
    %ix/getv/s 4, v0x557633894220_0;
    %store/vec4a v0x5576338989f0, 4, 0;
    ; show_stmt_assign_vector: Get l-value for compressed += operand
    %load/vec4 v0x557633894220_0;
    %pushi/vec4 1, 0, 32;
    %add;
    %store/vec4 v0x557633894220_0, 0, 32;
    %jmp T_1.4;
T_1.5 ;
    %end;
    .scope S_0x557633860f00;
t_4 %join;
    %vpi_call 2 34 "$display", "  ---------------------" {0 0 0};
    %vpi_call 2 35 "$display", "  |   |%2b |%2b |%2b |%2b |", &A<v0x5576338989f0, 0>, &A<v0x5576338989f0, 1>, &A<v0x5576338989f0, 2>, &A<v0x5576338989f0, 3> {0 0 0};
    %vpi_call 2 36 "$display", "  ---------------------" {0 0 0};
    %pushi/vec4 0, 0, 5;
    %store/vec4 v0x5576338986d0_0, 0, 5;
T_1.6 ;
    %load/vec4 v0x5576338986d0_0;
    %pad/u 32;
    %cmpi/u 4, 0, 32;
    %jmp/0xz T_1.7, 5;
    %load/vec4 v0x5576338986d0_0;
    %pad/u 8;
    %pad/u 11;
    %muli 5, 0, 11;
    %ix/vec4 4;
    %load/vec4a v0x557633898a90, 4;
    %load/vec4 v0x5576338986d0_0;
    %pad/u 8;
    %pad/u 11;
    %muli 5, 0, 11;
    %pad/u 12;
    %pushi/vec4 1, 0, 2;
    %pad/s 12;
    %add;
    %ix/vec4 4;
    %load/vec4a v0x557633898a90, 4;
    %load/vec4 v0x5576338986d0_0;
    %pad/u 8;
    %pad/u 11;
    %muli 5, 0, 11;
    %pad/u 12;
    %pushi/vec4 2, 0, 3;
    %pad/s 12;
    %add;
    %ix/vec4 4;
    %load/vec4a v0x557633898a90, 4;
    %load/vec4 v0x5576338986d0_0;
    %pad/u 8;
    %pad/u 11;
    %muli 5, 0, 11;
    %pad/u 12;
    %pushi/vec4 3, 0, 3;
    %pad/s 12;
    %add;
    %ix/vec4 4;
    %load/vec4a v0x557633898a90, 4;
    %vpi_call 2 38 "$display", "  |%2b |%2d |%2d |%2d |%2d |", &PV<v0x5576338986d0_0, 0, 2>, S<3,vec4,s32>, S<2,vec4,s32>, S<1,vec4,s32>, S<0,vec4,s32> {4 0 0};
    %vpi_call 2 39 "$display", "  ---------------------" {0 0 0};
    ; show_stmt_assign_vector: Get l-value for compressed += operand
    %load/vec4 v0x5576338986d0_0;
    %pushi/vec4 1, 0, 5;
    %add;
    %store/vec4 v0x5576338986d0_0, 0, 5;
    %jmp T_1.6;
T_1.7 ;
    %vpi_call 2 41 "$display", "\012   (a'.b'.c'.d')+(a'.b'.c'.d)+(a'.b'.c.d)+(a'.b.c.d)+(a.b'.c'.d')+(a.b'.c'.d)+(a.b.c'.d')+(a.b.c.d')       (b'.c')+(a'.c.d)+(a.b.d')" {0 0 0};
    %pushi/vec4 0, 0, 5;
    %store/vec4 v0x5576338986d0_0, 0, 5;
T_1.8 ;
    %load/vec4 v0x5576338986d0_0;
    %pad/u 32;
    %cmpi/u 16, 0, 32;
    %jmp/0xz T_1.9, 5;
    %load/vec4 v0x5576338986d0_0;
    %parti/s 1, 3, 3;
    %store/vec4 v0x557633898410_0, 0, 1;
    %load/vec4 v0x5576338986d0_0;
    %parti/s 1, 2, 3;
    %store/vec4 v0x5576338984d0_0, 0, 1;
    %load/vec4 v0x5576338986d0_0;
    %parti/s 1, 1, 2;
    %store/vec4 v0x5576338985e0_0, 0, 1;
    %load/vec4 v0x5576338986d0_0;
    %parti/s 1, 0, 2;
    %store/vec4 v0x557633898770_0, 0, 1;
    %delay 0, 0;
    %vpi_call 2 48 "$display", "%b      %20d         %50d", &PV<v0x5576338986d0_0, 0, 4>, v0x5576338988b0_0, v0x557633898950_0 {0 0 0};
    ; show_stmt_assign_vector: Get l-value for compressed += operand
    %load/vec4 v0x5576338986d0_0;
    %pushi/vec4 1, 0, 5;
    %add;
    %store/vec4 v0x5576338986d0_0, 0, 5;
    %jmp T_1.8;
T_1.9 ;
    %vpi_call 2 50 "$finish" {0 0 0};
    %end;
    .thread T_1;
# The file index is used to find the file name in the following table.
:file_names 3;
    "N/A";
    "<interactive>";
    "ExercicioE.v";
