#! /usr/bin/vvp
:ivl_version "11.0 (stable)";
:ivl_delay_selection "TYPICAL";
:vpi_time_precision + 0;
:vpi_module "/usr/lib/x86_64-linux-gnu/ivl/system.vpi";
:vpi_module "/usr/lib/x86_64-linux-gnu/ivl/vhdl_sys.vpi";
:vpi_module "/usr/lib/x86_64-linux-gnu/ivl/vhdl_textio.vpi";
:vpi_module "/usr/lib/x86_64-linux-gnu/ivl/v2005_math.vpi";
:vpi_module "/usr/lib/x86_64-linux-gnu/ivl/va_math.vpi";
S_0x56034671de80 .scope module, "main" "main" 2 5;
 .timescale 0 0;
v0x56034674ce90_0 .var "a", 0 0;
v0x56034674cf50_0 .var "b", 0 0;
v0x56034674cff0_0 .var "c", 0 0;
v0x56034674d0c0_0 .var "counter", 4 0;
v0x56034674d160_0 .var "d", 0 0;
v0x56034674d200_0 .net "s", 0 0, L_0x5603467567c0;  1 drivers
S_0x56034671e010 .scope module, "exe1" "naoResumido" 2 12, 2 1 0, S_0x56034671de80;
 .timescale 0 0;
    .port_info 0 /OUTPUT 1 "s";
    .port_info 1 /INPUT 1 "a";
    .port_info 2 /INPUT 1 "b";
    .port_info 3 /INPUT 1 "c";
    .port_info 4 /INPUT 1 "d";
L_0x56034674d2d0 .functor NOT 1, v0x56034674ce90_0, C4<0>, C4<0>, C4<0>;
L_0x56034674d3c0 .functor NOT 1, v0x56034674cf50_0, C4<0>, C4<0>, C4<0>;
L_0x56034674d480 .functor AND 1, L_0x56034674d2d0, L_0x56034674d3c0, C4<1>, C4<1>;
L_0x56034674d590 .functor NOT 1, v0x56034674cff0_0, C4<0>, C4<0>, C4<0>;
L_0x56034674d680 .functor AND 1, L_0x56034674d480, L_0x56034674d590, C4<1>, C4<1>;
L_0x56034674d790 .functor NOT 1, v0x56034674d160_0, C4<0>, C4<0>, C4<0>;
L_0x56034674d890 .functor AND 1, L_0x56034674d680, L_0x56034674d790, C4<1>, C4<1>;
L_0x56034674d9a0 .functor NOT 1, v0x56034674ce90_0, C4<0>, C4<0>, C4<0>;
L_0x56034674da60 .functor NOT 1, v0x56034674cf50_0, C4<0>, C4<0>, C4<0>;
L_0x56034674dad0 .functor AND 1, L_0x56034674d9a0, L_0x56034674da60, C4<1>, C4<1>;
L_0x56034674dc40 .functor NOT 1, v0x56034674cff0_0, C4<0>, C4<0>, C4<0>;
L_0x56034674dcb0 .functor AND 1, L_0x56034674dad0, L_0x56034674dc40, C4<1>, C4<1>;
L_0x56034674dde0 .functor AND 1, L_0x56034674dcb0, v0x56034674d160_0, C4<1>, C4<1>;
L_0x56034674dea0 .functor OR 1, L_0x56034674d890, L_0x56034674dde0, C4<0>, C4<0>;
L_0x56034674dd70 .functor NOT 1, v0x56034674ce90_0, C4<0>, C4<0>, C4<0>;
L_0x56034674e030 .functor NOT 1, v0x56034674cf50_0, C4<0>, C4<0>, C4<0>;
L_0x56034674e1c0 .functor AND 1, L_0x56034674dd70, L_0x56034674e030, C4<1>, C4<1>;
L_0x56034674e230 .functor AND 1, L_0x56034674e1c0, v0x56034674cff0_0, C4<1>, C4<1>;
L_0x56034674e420 .functor NOT 1, v0x56034674d160_0, C4<0>, C4<0>, C4<0>;
L_0x56034674e490 .functor AND 1, L_0x56034674e230, L_0x56034674e420, C4<1>, C4<1>;
L_0x56034674e5b0 .functor OR 1, L_0x56034674dea0, L_0x56034674e490, C4<0>, C4<0>;
L_0x56034674e6c0 .functor NOT 1, v0x56034674ce90_0, C4<0>, C4<0>, C4<0>;
L_0x56034674e7f0 .functor NOT 1, v0x56034674cf50_0, C4<0>, C4<0>, C4<0>;
L_0x56034674e860 .functor AND 1, L_0x56034674e6c0, L_0x56034674e7f0, C4<1>, C4<1>;
L_0x56034674ea40 .functor AND 1, L_0x56034674e860, v0x56034674cff0_0, C4<1>, C4<1>;
L_0x56034674eb00 .functor AND 1, L_0x56034674ea40, v0x56034674d160_0, C4<1>, C4<1>;
L_0x56034674eca0 .functor OR 1, L_0x56034674e5b0, L_0x56034674eb00, C4<0>, C4<0>;
L_0x56034674edb0 .functor NOT 1, v0x56034674ce90_0, C4<0>, C4<0>, C4<0>;
L_0x56034674ef10 .functor AND 1, L_0x56034674edb0, v0x56034674cf50_0, C4<1>, C4<1>;
L_0x56034674efd0 .functor NOT 1, v0x56034674cff0_0, C4<0>, C4<0>, C4<0>;
L_0x56034674f140 .functor AND 1, L_0x56034674ef10, L_0x56034674efd0, C4<1>, C4<1>;
L_0x56034674f250 .functor NOT 1, v0x56034674d160_0, C4<0>, C4<0>, C4<0>;
L_0x56034674f3d0 .functor AND 1, L_0x56034674f140, L_0x56034674f250, C4<1>, C4<1>;
L_0x56034674f4e0 .functor OR 1, L_0x56034674eca0, L_0x56034674f3d0, C4<0>, C4<0>;
L_0x56034674f710 .functor NOT 1, v0x56034674ce90_0, C4<0>, C4<0>, C4<0>;
L_0x56034674f780 .functor AND 1, L_0x56034674f710, v0x56034674cf50_0, C4<1>, C4<1>;
L_0x56034674f970 .functor NOT 1, v0x56034674cff0_0, C4<0>, C4<0>, C4<0>;
L_0x56034674f9e0 .functor AND 1, L_0x56034674f780, L_0x56034674f970, C4<1>, C4<1>;
L_0x56034674fc30 .functor AND 1, L_0x56034674f9e0, v0x56034674d160_0, C4<1>, C4<1>;
L_0x56034674fcf0 .functor OR 1, L_0x56034674f4e0, L_0x56034674fc30, C4<0>, C4<0>;
L_0x56034674ff50 .functor NOT 1, v0x56034674ce90_0, C4<0>, C4<0>, C4<0>;
L_0x56034674ffc0 .functor AND 1, L_0x56034674ff50, v0x56034674cf50_0, C4<1>, C4<1>;
L_0x5603467501e0 .functor AND 1, L_0x56034674ffc0, v0x56034674cff0_0, C4<1>, C4<1>;
L_0x5603467502a0 .functor NOT 1, v0x56034674d160_0, C4<0>, C4<0>, C4<0>;
L_0x560346750590 .functor AND 1, L_0x5603467501e0, L_0x5603467502a0, C4<1>, C4<1>;
L_0x5603467506a0 .functor OR 1, L_0x56034674fcf0, L_0x560346750590, C4<0>, C4<0>;
L_0x560346750930 .functor NOT 1, v0x56034674ce90_0, C4<0>, C4<0>, C4<0>;
L_0x5603467509a0 .functor AND 1, L_0x560346750930, v0x56034674cf50_0, C4<1>, C4<1>;
L_0x560346750bf0 .functor AND 1, L_0x5603467509a0, v0x56034674cff0_0, C4<1>, C4<1>;
L_0x560346750cb0 .functor AND 1, L_0x560346750bf0, v0x56034674d160_0, C4<1>, C4<1>;
L_0x560346750f10 .functor OR 1, L_0x5603467506a0, L_0x560346750cb0, C4<0>, C4<0>;
L_0x560346751020 .functor NOT 1, v0x56034674cf50_0, C4<0>, C4<0>, C4<0>;
L_0x560346751240 .functor AND 1, v0x56034674ce90_0, L_0x560346751020, C4<1>, C4<1>;
L_0x560346751300 .functor NOT 1, v0x56034674cff0_0, C4<0>, C4<0>, C4<0>;
L_0x560346751530 .functor AND 1, L_0x560346751240, L_0x560346751300, C4<1>, C4<1>;
L_0x560346751640 .functor NOT 1, v0x56034674d160_0, C4<0>, C4<0>, C4<0>;
L_0x560346751880 .functor AND 1, L_0x560346751530, L_0x560346751640, C4<1>, C4<1>;
L_0x560346751990 .functor OR 1, L_0x560346750f10, L_0x560346751880, C4<0>, C4<0>;
L_0x560346751c80 .functor NOT 1, v0x56034674cf50_0, C4<0>, C4<0>, C4<0>;
L_0x560346751cf0 .functor AND 1, v0x56034674ce90_0, L_0x560346751c80, C4<1>, C4<1>;
L_0x560346751fa0 .functor NOT 1, v0x56034674cff0_0, C4<0>, C4<0>, C4<0>;
L_0x560346752010 .functor AND 1, L_0x560346751cf0, L_0x560346751fa0, C4<1>, C4<1>;
L_0x560346752320 .functor AND 1, L_0x560346752010, v0x56034674d160_0, C4<1>, C4<1>;
L_0x5603467523e0 .functor OR 1, L_0x560346751990, L_0x560346752320, C4<0>, C4<0>;
L_0x560346752700 .functor NOT 1, v0x56034674cf50_0, C4<0>, C4<0>, C4<0>;
L_0x560346752770 .functor AND 1, v0x56034674ce90_0, L_0x560346752700, C4<1>, C4<1>;
L_0x560346752a50 .functor AND 1, L_0x560346752770, v0x56034674cff0_0, C4<1>, C4<1>;
L_0x560346752b10 .functor NOT 1, v0x56034674d160_0, C4<0>, C4<0>, C4<0>;
L_0x560346752db0 .functor AND 1, L_0x560346752a50, L_0x560346752b10, C4<1>, C4<1>;
L_0x560346752ec0 .functor OR 1, L_0x5603467523e0, L_0x560346752db0, C4<0>, C4<0>;
L_0x560346753210 .functor NOT 1, v0x56034674cf50_0, C4<0>, C4<0>, C4<0>;
L_0x560346753280 .functor AND 1, v0x56034674ce90_0, L_0x560346753210, C4<1>, C4<1>;
L_0x560346753590 .functor AND 1, L_0x560346753280, v0x56034674cff0_0, C4<1>, C4<1>;
L_0x560346753650 .functor AND 1, L_0x560346753590, v0x56034674d160_0, C4<1>, C4<1>;
L_0x560346753970 .functor OR 1, L_0x560346752ec0, L_0x560346753650, C4<0>, C4<0>;
L_0x560346753a80 .functor AND 1, v0x56034674ce90_0, v0x56034674cf50_0, C4<1>, C4<1>;
L_0x560346753d60 .functor NOT 1, v0x56034674cff0_0, C4<0>, C4<0>, C4<0>;
L_0x560346753dd0 .functor AND 1, L_0x560346753a80, L_0x560346753d60, C4<1>, C4<1>;
L_0x560346754160 .functor NOT 1, v0x56034674d160_0, C4<0>, C4<0>, C4<0>;
L_0x5603467541d0 .functor AND 1, L_0x560346753dd0, L_0x560346754160, C4<1>, C4<1>;
L_0x560346754570 .functor OR 1, L_0x560346753970, L_0x5603467541d0, C4<0>, C4<0>;
L_0x560346754680 .functor AND 1, v0x56034674ce90_0, v0x56034674cf50_0, C4<1>, C4<1>;
L_0x560346754990 .functor NOT 1, v0x56034674cff0_0, C4<0>, C4<0>, C4<0>;
L_0x560346754a00 .functor AND 1, L_0x560346754680, L_0x560346754990, C4<1>, C4<1>;
L_0x560346754dc0 .functor AND 1, L_0x560346754a00, v0x56034674d160_0, C4<1>, C4<1>;
L_0x560346754e80 .functor OR 1, L_0x560346754570, L_0x560346754dc0, C4<0>, C4<0>;
L_0x560346755250 .functor AND 1, v0x56034674ce90_0, v0x56034674cf50_0, C4<1>, C4<1>;
L_0x5603467552c0 .functor AND 1, L_0x560346755250, v0x56034674cff0_0, C4<1>, C4<1>;
L_0x560346755860 .functor NOT 1, v0x56034674d160_0, C4<0>, C4<0>, C4<0>;
L_0x560346755ae0 .functor AND 1, L_0x5603467552c0, L_0x560346755860, C4<1>, C4<1>;
L_0x560346755ed0 .functor OR 1, L_0x560346754e80, L_0x560346755ae0, C4<0>, C4<0>;
L_0x560346755fe0 .functor AND 1, v0x56034674ce90_0, v0x56034674cf50_0, C4<1>, C4<1>;
L_0x560346756340 .functor AND 1, L_0x560346755fe0, v0x56034674cff0_0, C4<1>, C4<1>;
L_0x560346756400 .functor AND 1, L_0x560346756340, v0x56034674d160_0, C4<1>, C4<1>;
L_0x5603467567c0 .functor OR 1, L_0x560346755ed0, L_0x560346756400, C4<0>, C4<0>;
v0x56034671e1f0_0 .net *"_ivl_0", 0 0, L_0x56034674d2d0;  1 drivers
v0x560346747280_0 .net *"_ivl_10", 0 0, L_0x56034674d790;  1 drivers
v0x560346747360_0 .net *"_ivl_100", 0 0, L_0x560346750f10;  1 drivers
v0x560346747420_0 .net *"_ivl_102", 0 0, L_0x560346751020;  1 drivers
v0x560346747500_0 .net *"_ivl_104", 0 0, L_0x560346751240;  1 drivers
v0x560346747630_0 .net *"_ivl_106", 0 0, L_0x560346751300;  1 drivers
v0x560346747710_0 .net *"_ivl_108", 0 0, L_0x560346751530;  1 drivers
v0x5603467477f0_0 .net *"_ivl_110", 0 0, L_0x560346751640;  1 drivers
v0x5603467478d0_0 .net *"_ivl_112", 0 0, L_0x560346751880;  1 drivers
v0x5603467479b0_0 .net *"_ivl_114", 0 0, L_0x560346751990;  1 drivers
v0x560346747a90_0 .net *"_ivl_116", 0 0, L_0x560346751c80;  1 drivers
v0x560346747b70_0 .net *"_ivl_118", 0 0, L_0x560346751cf0;  1 drivers
v0x560346747c50_0 .net *"_ivl_12", 0 0, L_0x56034674d890;  1 drivers
v0x560346747d30_0 .net *"_ivl_120", 0 0, L_0x560346751fa0;  1 drivers
v0x560346747e10_0 .net *"_ivl_122", 0 0, L_0x560346752010;  1 drivers
v0x560346747ef0_0 .net *"_ivl_124", 0 0, L_0x560346752320;  1 drivers
v0x560346747fd0_0 .net *"_ivl_126", 0 0, L_0x5603467523e0;  1 drivers
v0x5603467480b0_0 .net *"_ivl_128", 0 0, L_0x560346752700;  1 drivers
v0x560346748190_0 .net *"_ivl_130", 0 0, L_0x560346752770;  1 drivers
v0x560346748270_0 .net *"_ivl_132", 0 0, L_0x560346752a50;  1 drivers
v0x560346748350_0 .net *"_ivl_134", 0 0, L_0x560346752b10;  1 drivers
v0x560346748430_0 .net *"_ivl_136", 0 0, L_0x560346752db0;  1 drivers
v0x560346748510_0 .net *"_ivl_138", 0 0, L_0x560346752ec0;  1 drivers
v0x5603467485f0_0 .net *"_ivl_14", 0 0, L_0x56034674d9a0;  1 drivers
v0x5603467486d0_0 .net *"_ivl_140", 0 0, L_0x560346753210;  1 drivers
v0x5603467487b0_0 .net *"_ivl_142", 0 0, L_0x560346753280;  1 drivers
v0x560346748890_0 .net *"_ivl_144", 0 0, L_0x560346753590;  1 drivers
v0x560346748970_0 .net *"_ivl_146", 0 0, L_0x560346753650;  1 drivers
v0x560346748a50_0 .net *"_ivl_148", 0 0, L_0x560346753970;  1 drivers
v0x560346748b30_0 .net *"_ivl_150", 0 0, L_0x560346753a80;  1 drivers
v0x560346748c10_0 .net *"_ivl_152", 0 0, L_0x560346753d60;  1 drivers
v0x560346748cf0_0 .net *"_ivl_154", 0 0, L_0x560346753dd0;  1 drivers
v0x560346748dd0_0 .net *"_ivl_156", 0 0, L_0x560346754160;  1 drivers
v0x5603467490c0_0 .net *"_ivl_158", 0 0, L_0x5603467541d0;  1 drivers
v0x5603467491a0_0 .net *"_ivl_16", 0 0, L_0x56034674da60;  1 drivers
v0x560346749280_0 .net *"_ivl_160", 0 0, L_0x560346754570;  1 drivers
v0x560346749360_0 .net *"_ivl_162", 0 0, L_0x560346754680;  1 drivers
v0x560346749440_0 .net *"_ivl_164", 0 0, L_0x560346754990;  1 drivers
v0x560346749520_0 .net *"_ivl_166", 0 0, L_0x560346754a00;  1 drivers
v0x560346749600_0 .net *"_ivl_168", 0 0, L_0x560346754dc0;  1 drivers
v0x5603467496e0_0 .net *"_ivl_170", 0 0, L_0x560346754e80;  1 drivers
v0x5603467497c0_0 .net *"_ivl_172", 0 0, L_0x560346755250;  1 drivers
v0x5603467498a0_0 .net *"_ivl_174", 0 0, L_0x5603467552c0;  1 drivers
v0x560346749980_0 .net *"_ivl_176", 0 0, L_0x560346755860;  1 drivers
v0x560346749a60_0 .net *"_ivl_178", 0 0, L_0x560346755ae0;  1 drivers
v0x560346749b40_0 .net *"_ivl_18", 0 0, L_0x56034674dad0;  1 drivers
v0x560346749c20_0 .net *"_ivl_180", 0 0, L_0x560346755ed0;  1 drivers
v0x560346749d00_0 .net *"_ivl_182", 0 0, L_0x560346755fe0;  1 drivers
v0x560346749de0_0 .net *"_ivl_184", 0 0, L_0x560346756340;  1 drivers
v0x560346749ec0_0 .net *"_ivl_186", 0 0, L_0x560346756400;  1 drivers
v0x560346749fa0_0 .net *"_ivl_2", 0 0, L_0x56034674d3c0;  1 drivers
v0x56034674a080_0 .net *"_ivl_20", 0 0, L_0x56034674dc40;  1 drivers
v0x56034674a160_0 .net *"_ivl_22", 0 0, L_0x56034674dcb0;  1 drivers
v0x56034674a240_0 .net *"_ivl_24", 0 0, L_0x56034674dde0;  1 drivers
v0x56034674a320_0 .net *"_ivl_26", 0 0, L_0x56034674dea0;  1 drivers
v0x56034674a400_0 .net *"_ivl_28", 0 0, L_0x56034674dd70;  1 drivers
v0x56034674a4e0_0 .net *"_ivl_30", 0 0, L_0x56034674e030;  1 drivers
v0x56034674a5c0_0 .net *"_ivl_32", 0 0, L_0x56034674e1c0;  1 drivers
v0x56034674a6a0_0 .net *"_ivl_34", 0 0, L_0x56034674e230;  1 drivers
v0x56034674a780_0 .net *"_ivl_36", 0 0, L_0x56034674e420;  1 drivers
v0x56034674a860_0 .net *"_ivl_38", 0 0, L_0x56034674e490;  1 drivers
v0x56034674a940_0 .net *"_ivl_4", 0 0, L_0x56034674d480;  1 drivers
v0x56034674aa20_0 .net *"_ivl_40", 0 0, L_0x56034674e5b0;  1 drivers
v0x56034674ab00_0 .net *"_ivl_42", 0 0, L_0x56034674e6c0;  1 drivers
v0x56034674abe0_0 .net *"_ivl_44", 0 0, L_0x56034674e7f0;  1 drivers
v0x56034674b0d0_0 .net *"_ivl_46", 0 0, L_0x56034674e860;  1 drivers
v0x56034674b1b0_0 .net *"_ivl_48", 0 0, L_0x56034674ea40;  1 drivers
v0x56034674b290_0 .net *"_ivl_50", 0 0, L_0x56034674eb00;  1 drivers
v0x56034674b370_0 .net *"_ivl_52", 0 0, L_0x56034674eca0;  1 drivers
v0x56034674b450_0 .net *"_ivl_54", 0 0, L_0x56034674edb0;  1 drivers
v0x56034674b530_0 .net *"_ivl_56", 0 0, L_0x56034674ef10;  1 drivers
v0x56034674b610_0 .net *"_ivl_58", 0 0, L_0x56034674efd0;  1 drivers
v0x56034674b6f0_0 .net *"_ivl_6", 0 0, L_0x56034674d590;  1 drivers
v0x56034674b7d0_0 .net *"_ivl_60", 0 0, L_0x56034674f140;  1 drivers
v0x56034674b8b0_0 .net *"_ivl_62", 0 0, L_0x56034674f250;  1 drivers
v0x56034674b990_0 .net *"_ivl_64", 0 0, L_0x56034674f3d0;  1 drivers
v0x56034674ba70_0 .net *"_ivl_66", 0 0, L_0x56034674f4e0;  1 drivers
v0x56034674bb50_0 .net *"_ivl_68", 0 0, L_0x56034674f710;  1 drivers
v0x56034674bc30_0 .net *"_ivl_70", 0 0, L_0x56034674f780;  1 drivers
v0x56034674bd10_0 .net *"_ivl_72", 0 0, L_0x56034674f970;  1 drivers
v0x56034674bdf0_0 .net *"_ivl_74", 0 0, L_0x56034674f9e0;  1 drivers
v0x56034674bed0_0 .net *"_ivl_76", 0 0, L_0x56034674fc30;  1 drivers
v0x56034674bfb0_0 .net *"_ivl_78", 0 0, L_0x56034674fcf0;  1 drivers
v0x56034674c090_0 .net *"_ivl_8", 0 0, L_0x56034674d680;  1 drivers
v0x56034674c170_0 .net *"_ivl_80", 0 0, L_0x56034674ff50;  1 drivers
v0x56034674c250_0 .net *"_ivl_82", 0 0, L_0x56034674ffc0;  1 drivers
v0x56034674c330_0 .net *"_ivl_84", 0 0, L_0x5603467501e0;  1 drivers
v0x56034674c410_0 .net *"_ivl_86", 0 0, L_0x5603467502a0;  1 drivers
v0x56034674c4f0_0 .net *"_ivl_88", 0 0, L_0x560346750590;  1 drivers
v0x56034674c5d0_0 .net *"_ivl_90", 0 0, L_0x5603467506a0;  1 drivers
v0x56034674c6b0_0 .net *"_ivl_92", 0 0, L_0x560346750930;  1 drivers
v0x56034674c790_0 .net *"_ivl_94", 0 0, L_0x5603467509a0;  1 drivers
v0x56034674c870_0 .net *"_ivl_96", 0 0, L_0x560346750bf0;  1 drivers
v0x56034674c950_0 .net *"_ivl_98", 0 0, L_0x560346750cb0;  1 drivers
v0x56034674ca30_0 .net "a", 0 0, v0x56034674ce90_0;  1 drivers
v0x56034674caf0_0 .net "b", 0 0, v0x56034674cf50_0;  1 drivers
v0x56034674cbb0_0 .net "c", 0 0, v0x56034674cff0_0;  1 drivers
v0x56034674cc70_0 .net "d", 0 0, v0x56034674d160_0;  1 drivers
v0x56034674cd30_0 .net "s", 0 0, L_0x5603467567c0;  alias, 1 drivers
    .scope S_0x56034671de80;
T_0 ;
    %pushi/vec4 0, 0, 5;
    %store/vec4 v0x56034674d0c0_0, 0, 5;
    %end;
    .thread T_0;
    .scope S_0x56034671de80;
T_1 ;
    %pushi/vec4 0, 0, 5;
    %store/vec4 v0x56034674d0c0_0, 0, 5;
T_1.0 ;
    %load/vec4 v0x56034674d0c0_0;
    %pad/u 32;
    %cmpi/u 16, 0, 32;
    %jmp/0xz T_1.1, 5;
    %load/vec4 v0x56034674d0c0_0;
    %parti/s 1, 3, 3;
    %store/vec4 v0x56034674ce90_0, 0, 1;
    %load/vec4 v0x56034674d0c0_0;
    %parti/s 1, 2, 3;
    %store/vec4 v0x56034674cf50_0, 0, 1;
    %load/vec4 v0x56034674d0c0_0;
    %parti/s 1, 1, 2;
    %store/vec4 v0x56034674cff0_0, 0, 1;
    %load/vec4 v0x56034674d0c0_0;
    %parti/s 1, 0, 2;
    %store/vec4 v0x56034674d160_0, 0, 1;
    %delay 0, 0;
    %vpi_call 2 20 "$display", "%d", v0x56034674d200_0 {0 0 0};
    ; show_stmt_assign_vector: Get l-value for compressed += operand
    %load/vec4 v0x56034674d0c0_0;
    %pushi/vec4 1, 0, 5;
    %add;
    %store/vec4 v0x56034674d0c0_0, 0, 5;
    %jmp T_1.0;
T_1.1 ;
    %vpi_call 2 22 "$finish" {0 0 0};
    %end;
    .thread T_1;
# The file index is used to find the file name in the following table.
:file_names 3;
    "N/A";
    "<interactive>";
    "exercicioa.v";
